# JRE version: OpenJDK Runtime Environment (8.0_212) (build 1.8.0_212-release-1586-b4-5784211)
# Java VM: OpenJDK 64-Bit Server VM (25.212-b4-5784211 mixed mode linux-amd64 compressed oops)
Heap:
 PSYoungGen      total 402944K, used 38757K [0x00000000e0000000, 0x00000000fb100000, 0x0000000100000000)
  eden space 362496K, 0% used [0x00000000e0000000,0x00000000e0000000,0x00000000f6200000)
  from space 40448K, 95% used [0x00000000f6200000,0x00000000f87d9568,0x00000000f8980000)
  to   space 36864K, 0% used [0x00000000f8a80000,0x00000000f8a80000,0x00000000fae80000)
 ParOldGen       total 239616K, used 67671K [0x00000000a0000000, 0x00000000aea00000, 0x00000000e0000000)
  object space 239616K, 28% used [0x00000000a0000000,0x00000000a4215de8,0x00000000aea00000)
 Metaspace       used 95110K, capacity 99438K, committed 99732K, reserved 1136640K
  class space    used 12515K, capacity 13458K, committed 13500K, reserved 1048576K
GC Heap History (10 events):
Event: 41.238 GC heap after
Heap after GC invocations=18 (full 4):
 PSYoungGen      total 294400K, used 0K [0x00000000e0000000, 0x00000000f4c00000, 0x0000000100000000)
  eden space 261120K, 0% used [0x00000000e0000000,0x00000000e0000000,0x00000000eff00000)
  from space 33280K, 0% used [0x00000000f2b80000,0x00000000f2b80000,0x00000000f4c00000)
  to   space 39424K, 0% used [0x00000000eff00000,0x00000000eff00000,0x00000000f2580000)
 ParOldGen       total 239616K, used 67623K [0x00000000a0000000, 0x00000000aea00000, 0x00000000e0000000)
  object space 239616K, 28% used [0x00000000a0000000,0x00000000a4209de8,0x00000000aea00000)
 Metaspace       used 69602K, capacity 72528K, committed 72980K, reserved 1112064K
  class space    used 9249K, capacity 9985K, committed 10044K, reserved 1048576K
}
Event: 44.630 GC heap before
{Heap before GC invocations=19 (full 4):
 PSYoungGen      total 294400K, used 261120K [0x00000000e0000000, 0x00000000f4c00000, 0x0000000100000000)
  eden space 261120K, 100% used [0x00000000e0000000,0x00000000eff00000,0x00000000eff00000)
  from space 33280K, 0% used [0x00000000f2b80000,0x00000000f2b80000,0x00000000f4c00000)
  to   space 39424K, 0% used [0x00000000eff00000,0x00000000eff00000,0x00000000f2580000)
 ParOldGen       total 239616K, used 67623K [0x00000000a0000000, 0x00000000aea00000, 0x00000000e0000000)
  object space 239616K, 28% used [0x00000000a0000000,0x00000000a4209de8,0x00000000aea00000)
 Metaspace       used 73865K, capacity 77050K, committed 77332K, reserved 1116160K
  class space    used 9694K, capacity 10458K, committed 10556K, reserved 1048576K
Event: 44.647 GC heap after
Heap after GC invocations=19 (full 4):
 PSYoungGen      total 300544K, used 11539K [0x00000000e0000000, 0x00000000f8200000, 0x0000000100000000)
  eden space 261120K, 0% used [0x00000000e0000000,0x00000000e0000000,0x00000000eff00000)
  from space 39424K, 29% used [0x00000000eff00000,0x00000000f0a44c10,0x00000000f2580000)
  to   space 38400K, 0% used [0x00000000f5c80000,0x00000000f5c80000,0x00000000f8200000)
 ParOldGen       total 239616K, used 67631K [0x00000000a0000000, 0x00000000aea00000, 0x00000000e0000000)
  object space 239616K, 28% used [0x00000000a0000000,0x00000000a420bde8,0x00000000aea00000)
 Metaspace       used 73865K, capacity 77050K, committed 77332K, reserved 1116160K
  class space    used 9694K, capacity 10458K, committed 10556K, reserved 1048576K
}
Event: 46.411 GC heap before
{Heap before GC invocations=20 (full 4):
 PSYoungGen      total 300544K, used 272659K [0x00000000e0000000, 0x00000000f8200000, 0x0000000100000000)
  eden space 261120K, 100% used [0x00000000e0000000,0x00000000eff00000,0x00000000eff00000)
  from space 39424K, 29% used [0x00000000eff00000,0x00000000f0a44c10,0x00000000f2580000)
  to   space 38400K, 0% used [0x00000000f5c80000,0x00000000f5c80000,0x00000000f8200000)
 ParOldGen       total 239616K, used 67631K [0x00000000a0000000, 0x00000000aea00000, 0x00000000e0000000)
  object space 239616K, 28% used [0x00000000a0000000,0x00000000a420bde8,0x00000000aea00000)
 Metaspace       used 79050K, capacity 82230K, committed 82324K, reserved 1120256K
  class space    used 10353K, capacity 11138K, committed 11196K, reserved 1048576K
Event: 46.435 GC heap after
Heap after GC invocations=20 (full 4):
 PSYoungGen      total 356864K, used 9535K [0x00000000e0000000, 0x00000000f8100000, 0x0000000100000000)
  eden space 319488K, 0% used [0x00000000e0000000,0x00000000e0000000,0x00000000f3800000)
  from space 37376K, 25% used [0x00000000f5c80000,0x00000000f65cfe08,0x00000000f8100000)
  to   space 37376K, 0% used [0x00000000f3800000,0x00000000f3800000,0x00000000f5c80000)
 ParOldGen       total 239616K, used 67639K [0x00000000a0000000, 0x00000000aea00000, 0x00000000e0000000)
  object space 239616K, 28% used [0x00000000a0000000,0x00000000a420dde8,0x00000000aea00000)
 Metaspace       used 79050K, capacity 82230K, committed 82324K, reserved 1120256K
  class space    used 10353K, capacity 11138K, committed 11196K, reserved 1048576K
}
Event: 49.105 GC heap before
{Heap before GC invocations=21 (full 4):
 PSYoungGen      total 356864K, used 329023K [0x00000000e0000000, 0x00000000f8100000, 0x0000000100000000)
  eden space 319488K, 100% used [0x00000000e0000000,0x00000000f3800000,0x00000000f3800000)
  from space 37376K, 25% used [0x00000000f5c80000,0x00000000f65cfe08,0x00000000f8100000)
  to   space 37376K, 0% used [0x00000000f3800000,0x00000000f3800000,0x00000000f5c80000)
 ParOldGen       total 239616K, used 67639K [0x00000000a0000000, 0x00000000aea00000, 0x00000000e0000000)
  object space 239616K, 28% used [0x00000000a0000000,0x00000000a420dde8,0x00000000aea00000)
 Metaspace       used 82335K, capacity 85684K, committed 86036K, reserved 1124352K
  class space    used 10673K, capacity 11465K, committed 11580K, reserved 1048576K
Event: 49.145 GC heap after
Heap after GC invocations=21 (full 4):
 PSYoungGen      total 356864K, used 21078K [0x00000000e0000000, 0x00000000fae80000, 0x0000000100000000)
  eden space 319488K, 0% used [0x00000000e0000000,0x00000000e0000000,0x00000000f3800000)
  from space 37376K, 56% used [0x00000000f3800000,0x00000000f4c95808,0x00000000f5c80000)
  to   space 36864K, 0% used [0x00000000f8a80000,0x00000000f8a80000,0x00000000fae80000)
 ParOldGen       total 239616K, used 67647K [0x00000000a0000000, 0x00000000aea00000, 0x00000000e0000000)
  object space 239616K, 28% used [0x00000000a0000000,0x00000000a420fde8,0x00000000aea00000)
 Metaspace       used 82335K, capacity 85684K, committed 86036K, reserved 1124352K
  class space    used 10673K, capacity 11465K, committed 11580K, reserved 1048576K
}
Event: 67.694 GC heap before
{Heap before GC invocations=22 (full 4):
 PSYoungGen      total 356864K, used 340565K [0x00000000e0000000, 0x00000000fae80000, 0x0000000100000000)
  eden space 319488K, 99% used [0x00000000e0000000,0x00000000f37ffde0,0x00000000f3800000)
  from space 37376K, 56% used [0x00000000f3800000,0x00000000f4c95808,0x00000000f5c80000)
  to   space 36864K, 0% used [0x00000000f8a80000,0x00000000f8a80000,0x00000000fae80000)
 ParOldGen       total 239616K, used 67647K [0x00000000a0000000, 0x00000000aea00000, 0x00000000e0000000)
  object space 239616K, 28% used [0x00000000a0000000,0x00000000a420fde8,0x00000000aea00000)
 Metaspace       used 92792K, capacity 96816K, committed 96916K, reserved 1132544K
  class space    used 12247K, capacity 13181K, committed 13244K, reserved 1048576K
Event: 67.837 GC heap after
Heap after GC invocations=22 (full 4):
 PSYoungGen      total 399360K, used 31047K [0x00000000e0000000, 0x00000000fb100000, 0x0000000100000000)
  eden space 362496K, 0% used [0x00000000e0000000,0x00000000e0000000,0x00000000f6200000)
  from space 36864K, 84% used [0x00000000f8a80000,0x00000000fa8d1e00,0x00000000fae80000)
  to   space 40448K, 0% used [0x00000000f6200000,0x00000000f6200000,0x00000000f8980000)
 ParOldGen       total 239616K, used 67655K [0x00000000a0000000, 0x00000000aea00000, 0x00000000e0000000)
  object space 239616K, 28% used [0x00000000a0000000,0x00000000a4211de8,0x00000000aea00000)
 Metaspace       used 92792K, capacity 96816K, committed 96916K, reserved 1132544K
  class space    used 12247K, capacity 13181K, committed 13244K, reserved 1048576K
}
Event: 93.534 GC heap before
{Heap before GC invocations=23 (full 4):
 PSYoungGen      total 399360K, used 393543K [0x00000000e0000000, 0x00000000fb100000, 0x0000000100000000)
  eden space 362496K, 100% used [0x00000000e0000000,0x00000000f6200000,0x00000000f6200000)
  from space 36864K, 84% used [0x00000000f8a80000,0x00000000fa8d1e00,0x00000000fae80000)
  to   space 40448K, 0% used [0x00000000f6200000,0x00000000f6200000,0x00000000f8980000)
 ParOldGen       total 239616K, used 67655K [0x00000000a0000000, 0x00000000aea00000, 0x00000000e0000000)
  object space 239616K, 28% used [0x00000000a0000000,0x00000000a4211de8,0x00000000aea00000)
 Metaspace       used 95110K, capacity 99438K, committed 99732K, reserved 1136640K
  class space    used 12515K, capacity 13458K, committed 13500K, reserved 1048576K

