SF:lib/main.dart
DA:32,24
DA:39,8
DA:40,20
DA:42,21
DA:43,21
DA:44,9
DA:45,9
DA:49,0
DA:51,9
DA:52,3
DA:53,9
DA:54,9
DA:55,9
DA:59,3
DA:60,6
DA:63,2
DA:64,3
DA:65,0
DA:69,0
DA:73,2
DA:77,2
DA:82,2
DA:84,0
DA:85,0
DA:86,0
DA:88,0
DA:90,0
DA:91,0
DA:92,0
DA:93,0
DA:95,0
DA:96,0
DA:99,2
DA:100,2
LF:34
LH:21
end_of_record
SF:lib/Controller/AssignmentController.dart
DA:19,1
DA:24,1
DA:25,1
DA:26,1
DA:27,1
DA:28,1
DA:32,3
DA:36,2
DA:37,1
DA:42,1
DA:46,1
DA:47,1
DA:48,1
DA:49,1
DA:53,3
DA:57,2
DA:58,1
DA:66,1
DA:71,1
DA:72,1
DA:76,3
DA:80,1
DA:81,1
DA:82,2
DA:83,1
DA:84,4
DA:86,1
DA:87,1
DA:88,1
DA:89,3
DA:91,2
DA:93,2
DA:94,1
DA:96,3
DA:97,1
DA:99,2
DA:101,2
DA:102,1
DA:103,3
DA:104,1
DA:109,1
DA:110,1
DA:111,4
DA:118,1
DA:123,1
DA:124,1
DA:125,1
DA:126,1
DA:130,3
DA:134,2
DA:135,1
LF:51
LH:51
end_of_record
SF:lib/Model/Assignment.dart
DA:10,2
DA:12,2
DA:16,1
DA:18,1
LF:4
LH:4
end_of_record
SF:lib/Model/Student.dart
DA:20,6
DA:24,3
DA:26,3
LF:3
LH:3
end_of_record
SF:lib/Model/Supervisor.dart
DA:17,6
DA:21,3
DA:23,3
LF:3
LH:3
end_of_record
SF:lib/Controller/AssignmentTypeController.dart
DA:11,3
DA:13,6
DA:14,6
DA:15,6
DA:16,6
DA:17,9
DA:18,3
DA:19,12
DA:20,9
DA:21,6
LF:10
LH:10
end_of_record
SF:lib/Controller/DegreeController.dart
DA:13,4
DA:14,8
DA:17,8
DA:19,9
DA:20,3
DA:21,12
DA:22,9
DA:23,6
LF:8
LH:8
end_of_record
SF:lib/Model/DegreeType.dart
DA:10,2
DA:14,1
DA:16,1
LF:3
LH:3
end_of_record
SF:lib/Controller/ListController.dart
DA:19,2
DA:20,2
DA:22,2
DA:23,2
DA:27,4
DA:31,4
DA:32,2
DA:35,4
DA:37,2
DA:38,6
DA:39,2
DA:40,8
DA:41,6
DA:42,8
DA:43,10
DA:45,2
DA:61,1
DA:68,1
DA:69,2
DA:70,1
DA:74,3
DA:77,2
DA:78,1
DA:89,1
DA:97,1
DA:98,2
DA:99,1
DA:103,3
DA:106,2
DA:118,1
DA:125,1
DA:126,1
DA:128,2
DA:130,3
DA:134,2
LF:35
LH:35
end_of_record
SF:lib/Model/ListCard.dart
DA:16,2
DA:20,1
DA:22,1
LF:3
LH:3
end_of_record
SF:lib/Controller/Project_BoardController.dart
DA:16,1
DA:25,1
DA:26,3
DA:28,1
DA:29,3
DA:32,1
DA:33,1
DA:34,1
DA:37,1
DA:38,1
DA:39,1
DA:43,3
DA:46,2
DA:60,7
DA:61,7
DA:62,7
DA:63,7
DA:64,56
DA:66,7
DA:67,7
DA:68,7
DA:69,7
DA:73,14
DA:76,21
DA:79,7
DA:82,14
DA:87,14
DA:93,12
DA:94,18
DA:96,12
DA:97,18
DA:99,18
DA:101,6
DA:102,24
DA:103,18
DA:104,18
DA:105,18
DA:106,6
DA:109,2
DA:111,18
DA:112,6
DA:115,3
DA:117,12
DA:118,24
DA:122,12
DA:123,4
DA:125,12
DA:126,4
DA:129,66
DA:130,6
DA:131,12
DA:133,6
DA:136,2
DA:138,8
DA:139,6
DA:141,4
DA:142,2
DA:143,6
DA:146,1
DA:147,3
DA:153,6
DA:154,6
DA:162,7
DA:173,1
DA:179,1
DA:180,3
DA:187,1
DA:188,3
DA:195,1
DA:196,1
DA:197,1
DA:198,1
DA:204,3
DA:207,2
DA:212,1
DA:215,1
DA:220,1
DA:222,1
DA:226,3
DA:229,2
DA:234,1
DA:237,1
DA:243,1
DA:245,1
DA:247,1
DA:251,3
DA:254,2
DA:264,1
DA:272,1
DA:273,1
DA:277,3
DA:280,2
LF:92
LH:92
end_of_record
SF:lib/Model/Project_Board.dart
DA:25,6
DA:30,3
DA:32,3
LF:3
LH:3
end_of_record
SF:lib/View/Home.dart
DA:23,1
DA:24,9
DA:33,1
DA:35,1
DA:37,4
DA:39,2
DA:40,1
DA:41,3
DA:43,1
DA:44,3
DA:51,1
DA:54,2
DA:56,2
DA:58,2
DA:59,4
DA:63,5
DA:64,6
DA:74,3
DA:75,3
DA:94,1
DA:95,2
DA:97,1
DA:98,1
DA:99,1
DA:102,2
DA:103,2
DA:106,2
DA:107,5
DA:110,1
DA:111,2
DA:113,1
DA:114,1
DA:115,1
DA:118,2
DA:119,2
DA:122,2
DA:123,5
DA:126,1
DA:127,2
DA:128,2
DA:129,1
DA:130,1
DA:131,2
DA:132,1
DA:134,1
DA:135,2
DA:136,1
DA:137,1
DA:138,1
DA:139,1
DA:140,1
DA:141,1
DA:143,1
DA:144,1
DA:145,1
DA:146,1
DA:147,1
DA:148,1
DA:149,1
DA:150,1
DA:151,1
DA:152,1
DA:155,1
DA:156,1
DA:159,1
DA:160,1
DA:161,1
DA:162,1
DA:163,1
DA:165,1
DA:168,1
DA:169,1
DA:172,1
DA:173,1
DA:174,1
DA:177,1
DA:179,1
DA:181,1
DA:182,1
DA:185,1
DA:186,1
DA:187,1
DA:188,1
DA:189,1
DA:190,1
DA:192,1
DA:197,1
DA:198,1
DA:199,1
DA:203,1
DA:204,2
DA:206,2
DA:207,2
DA:208,3
DA:213,1
DA:216,1
DA:217,1
DA:219,1
DA:221,1
DA:223,1
DA:224,1
DA:229,1
DA:230,1
DA:231,1
DA:234,1
DA:236,1
DA:238,1
DA:239,1
DA:242,1
DA:243,1
DA:244,1
DA:245,1
DA:246,1
DA:247,1
DA:249,1
DA:256,1
DA:257,1
DA:258,1
DA:262,1
DA:263,2
DA:265,2
DA:266,2
DA:267,3
DA:272,1
DA:275,1
DA:276,1
DA:278,1
DA:280,1
DA:282,1
DA:283,1
DA:291,1
DA:292,1
DA:293,1
DA:295,1
DA:296,1
DA:297,3
DA:298,3
DA:299,0
DA:301,0
DA:302,0
DA:303,0
DA:304,0
DA:305,0
DA:306,0
DA:308,0
DA:309,0
DA:312,0
DA:313,0
DA:314,0
DA:316,0
DA:317,0
DA:319,0
DA:321,0
DA:322,0
DA:324,0
DA:327,0
DA:328,0
DA:330,0
DA:331,0
DA:332,0
DA:334,0
DA:335,0
DA:336,0
DA:338,0
DA:339,0
DA:351,1
DA:352,2
DA:353,2
DA:354,2
DA:356,1
DA:357,1
DA:358,1
DA:364,3
DA:365,1
DA:366,1
DA:367,1
DA:372,1
DA:378,3
DA:380,3
DA:382,6
DA:384,12
DA:387,3
DA:390,3
DA:393,3
DA:395,6
DA:396,3
DA:400,3
DA:403,3
DA:404,3
DA:405,1
DA:406,2
DA:410,3
DA:412,3
DA:416,3
DA:417,3
DA:421,3
DA:422,9
DA:423,3
DA:425,3
DA:428,3
DA:433,3
DA:437,3
DA:438,3
DA:439,3
DA:441,3
DA:448,3
DA:449,3
DA:450,3
DA:451,3
DA:453,3
DA:454,3
DA:455,3
DA:463,6
DA:465,12
DA:469,3
DA:470,6
DA:471,3
DA:472,3
DA:473,3
DA:475,3
DA:477,1
DA:479,1
DA:480,2
DA:482,4
DA:487,3
DA:488,3
DA:492,3
DA:494,3
DA:496,3
DA:497,3
DA:498,3
DA:499,3
DA:503,3
DA:504,3
DA:507,3
DA:508,3
DA:509,3
DA:510,3
DA:511,3
DA:512,1
DA:513,3
DA:515,1
DA:517,1
DA:520,0
DA:522,0
DA:524,0
DA:529,0
DA:533,3
DA:534,3
DA:535,3
DA:536,3
DA:537,3
DA:538,1
DA:540,4
DA:541,2
DA:542,2
DA:543,1
DA:545,1
DA:551,3
DA:552,3
DA:553,3
DA:554,3
DA:555,3
DA:556,1
DA:557,1
DA:574,2
DA:576,0
DA:577,0
DA:580,1
DA:581,1
DA:586,1
DA:587,5
DA:588,5
DA:596,1
DA:597,7
DA:598,3
DA:600,1
DA:601,1
DA:602,2
DA:604,0
DA:605,0
DA:606,2
DA:608,0
DA:609,0
DA:613,1
DA:615,1
DA:618,1
DA:619,1
DA:621,1
DA:629,1
DA:630,1
DA:635,0
DA:636,0
DA:638,0
DA:639,0
DA:640,0
DA:642,0
DA:643,0
DA:648,0
DA:649,0
DA:652,0
DA:653,0
DA:655,0
DA:656,0
DA:657,0
DA:659,0
DA:660,0
DA:665,0
DA:666,0
DA:672,0
DA:673,0
DA:675,0
DA:676,0
DA:677,0
DA:678,0
DA:679,0
DA:682,0
DA:684,0
DA:687,0
DA:689,0
DA:690,0
DA:692,0
DA:694,0
DA:696,0
DA:698,0
DA:699,0
DA:704,0
DA:705,0
DA:706,0
DA:707,0
DA:709,0
DA:713,0
DA:715,0
DA:716,0
DA:720,0
DA:722,0
DA:723,0
DA:724,0
DA:734,0
DA:735,0
DA:736,0
DA:737,0
DA:739,0
DA:743,0
DA:745,0
DA:749,0
DA:751,0
DA:753,0
DA:754,0
DA:755,0
DA:756,0
DA:757,0
DA:759,0
DA:760,0
DA:762,0
DA:763,0
DA:765,0
DA:766,0
DA:767,0
DA:768,0
DA:769,0
DA:771,0
DA:774,0
DA:776,0
DA:777,0
DA:779,0
DA:780,0
DA:785,0
DA:787,0
DA:788,0
DA:789,0
DA:790,0
DA:791,0
DA:794,0
DA:797,0
DA:799,0
DA:800,0
DA:802,0
DA:803,0
DA:807,0
DA:808,0
DA:809,0
DA:812,0
DA:814,0
DA:816,0
DA:817,0
DA:820,0
DA:821,0
DA:822,0
DA:823,0
DA:824,0
DA:825,0
DA:827,0
DA:829,0
DA:832,0
DA:838,0
DA:839,0
DA:840,0
DA:841,0
DA:842,0
DA:847,0
DA:850,0
DA:851,0
DA:853,0
DA:855,0
DA:857,0
DA:858,0
DA:863,0
DA:864,0
DA:865,0
DA:868,0
DA:870,0
DA:872,0
DA:873,0
DA:876,0
DA:877,0
DA:878,0
DA:879,0
DA:880,0
DA:882,0
DA:884,0
DA:885,0
DA:889,0
DA:895,0
DA:896,0
DA:897,0
DA:898,0
DA:899,0
DA:904,0
DA:907,0
DA:908,0
DA:910,0
DA:912,0
DA:914,0
DA:915,0
DA:923,0
DA:924,0
DA:926,0
DA:927,0
DA:930,0
DA:931,0
DA:933,0
DA:935,0
DA:937,0
DA:938,0
DA:939,0
DA:944,0
DA:947,0
DA:949,0
DA:950,0
DA:951,0
DA:952,0
DA:953,0
DA:955,0
DA:956,0
DA:958,0
DA:959,0
DA:960,0
DA:962,0
DA:965,0
DA:976,1
DA:977,2
DA:978,1
DA:979,1
DA:980,1
DA:981,1
DA:982,1
DA:984,1
DA:985,1
DA:986,1
DA:987,3
DA:988,2
DA:990,1
DA:991,1
DA:993,2
DA:995,2
DA:997,0
DA:998,0
DA:999,0
DA:1002,0
DA:1003,0
DA:1005,0
DA:1006,0
DA:1007,0
DA:1008,0
DA:1010,0
DA:1012,0
DA:1013,0
DA:1019,0
DA:1020,0
DA:1021,0
DA:1022,0
DA:1023,0
DA:1024,0
DA:1025,0
DA:1027,0
DA:1028,0
DA:1029,0
DA:1030,0
DA:1032,0
DA:1033,0
DA:1034,0
DA:1035,0
DA:1036,0
DA:1038,0
DA:1039,0
DA:1041,0
DA:1045,0
DA:1047,0
DA:1048,0
DA:1049,0
DA:1052,0
DA:1053,0
DA:1055,0
DA:1056,0
DA:1058,0
DA:1059,0
DA:1060,0
DA:1062,0
DA:1064,0
DA:1065,0
DA:1071,0
LF:522
LH:269
end_of_record
SF:lib/Controller/StudentController.dart
DA:19,4
DA:24,4
DA:30,3
DA:32,3
DA:37,1
DA:39,1
DA:46,8
DA:49,8
DA:56,12
DA:57,12
DA:58,12
DA:59,16
DA:60,4
DA:61,12
DA:62,12
DA:63,16
DA:66,4
DA:74,3
DA:79,6
DA:83,6
DA:85,9
DA:87,3
DA:89,6
DA:90,12
DA:94,6
DA:96,3
DA:97,9
DA:99,3
DA:100,9
DA:116,1
DA:119,2
DA:124,3
DA:125,1
DA:135,1
DA:136,2
DA:137,2
DA:138,1
DA:139,1
DA:140,2
DA:141,2
DA:142,2
DA:146,3
DA:149,2
DA:151,2
DA:153,1
DA:155,3
DA:156,3
DA:157,3
DA:158,3
DA:159,3
DA:160,3
DA:161,3
DA:162,0
DA:164,0
DA:165,0
DA:173,4
DA:174,2
LF:57
LH:54
end_of_record
SF:lib/Controller/UserController.dart
DA:17,3
DA:18,6
DA:27,3
DA:28,6
DA:29,3
DA:30,3
DA:33,9
DA:36,6
DA:39,6
DA:40,6
DA:41,9
DA:42,9
DA:43,9
DA:53,3
DA:54,6
DA:62,3
DA:63,6
DA:64,3
DA:68,9
DA:69,6
DA:71,6
DA:82,2
DA:97,8
DA:99,4
DA:101,2
DA:102,2
DA:109,12
DA:115,4
DA:117,8
DA:118,10
DA:122,2
DA:123,2
DA:125,4
DA:126,4
DA:127,6
DA:128,6
DA:130,6
DA:132,10
DA:138,0
DA:144,2
DA:155,1
DA:156,1
DA:167,2
DA:171,2
DA:172,1
DA:175,2
DA:181,1
DA:182,3
DA:184,1
DA:185,4
DA:186,3
DA:187,4
DA:188,1
DA:194,1
DA:204,1
DA:205,2
DA:206,2
DA:208,3
DA:209,5
DA:210,1
DA:222,1
DA:223,2
DA:224,1
DA:225,3
DA:226,5
DA:227,1
DA:242,1
DA:245,1
DA:246,1
DA:249,3
DA:250,3
DA:253,2
DA:255,1
DA:256,3
DA:258,2
DA:260,1
DA:262,1
DA:264,1
DA:266,1
DA:268,1
DA:271,2
DA:272,1
LF:82
LH:81
end_of_record
SF:lib/Model/User.dart
DA:27,2
DA:31,1
DA:33,1
LF:3
LH:3
end_of_record
SF:lib/Controller/StudentTypeController.dart
DA:15,4
DA:17,8
DA:18,12
DA:21,8
DA:23,9
DA:24,3
DA:25,12
DA:26,9
DA:27,6
DA:31,1
LF:10
LH:10
end_of_record
SF:lib/Model/StudentType.dart
DA:10,2
DA:14,1
DA:16,1
LF:3
LH:3
end_of_record
SF:lib/Controller/SupervisorController.dart
DA:16,2
DA:19,2
DA:25,1
DA:27,1
DA:31,1
DA:33,1
DA:36,4
DA:37,4
DA:39,4
DA:41,4
DA:45,6
DA:46,6
DA:47,6
DA:48,6
DA:49,6
DA:51,2
DA:62,1
DA:66,2
DA:70,2
DA:72,1
DA:73,1
DA:74,1
DA:76,4
DA:78,1
DA:79,1
DA:81,0
DA:82,0
DA:84,0
DA:85,0
DA:104,1
DA:107,2
DA:112,3
DA:119,1
DA:129,1
DA:130,2
DA:131,2
DA:132,1
DA:133,1
DA:134,1
DA:138,3
DA:139,2
DA:142,2
DA:144,1
DA:146,0
DA:147,0
DA:151,1
DA:152,2
LF:47
LH:41
end_of_record
SF:lib/Controller/TaskController.dart
DA:17,1
DA:18,1
DA:19,1
DA:20,1
DA:21,1
DA:23,1
DA:24,4
DA:26,1
DA:27,4
DA:35,1
DA:37,1
DA:38,2
DA:39,1
DA:40,1
DA:41,1
DA:42,1
DA:43,2
DA:47,3
DA:50,2
DA:51,1
DA:65,3
DA:66,3
DA:72,3
DA:73,3
DA:77,6
DA:83,6
DA:87,6
DA:92,3
DA:96,9
DA:97,3
DA:98,12
DA:99,9
DA:101,12
DA:102,6
DA:103,12
DA:106,9
DA:108,9
DA:109,12
DA:111,3
DA:130,1
DA:137,1
DA:138,1
DA:139,1
DA:140,0
DA:142,1
DA:143,4
DA:146,1
DA:147,2
DA:148,1
DA:149,2
DA:150,1
DA:151,1
DA:152,1
DA:153,1
DA:154,2
DA:159,3
DA:162,2
DA:173,1
DA:180,1
DA:181,1
DA:185,3
DA:189,2
LF:62
LH:61
end_of_record
SF:lib/Model/Task.dart
DA:23,2
DA:27,1
DA:29,1
LF:3
LH:3
end_of_record
SF:lib/Controller/TaskStatusController.dart
DA:13,3
DA:16,6
DA:19,6
DA:21,6
DA:22,9
DA:23,3
DA:24,12
DA:25,9
DA:26,6
LF:9
LH:9
end_of_record
SF:lib/Model/TaskStatus.dart
DA:11,8
DA:13,2
DA:17,1
DA:19,1
LF:4
LH:4
end_of_record
SF:lib/View/ArchivedBoards.dart
DA:20,6
DA:22,0
DA:24,2
DA:26,2
DA:28,4
DA:29,4
DA:30,4
DA:31,2
DA:32,6
DA:34,2
DA:35,6
DA:40,2
DA:41,4
DA:42,4
DA:43,4
DA:44,8
DA:47,5
DA:52,1
DA:53,5
DA:61,1
DA:62,1
DA:73,1
DA:74,2
DA:75,2
DA:76,2
DA:78,1
DA:79,1
DA:80,1
DA:81,1
DA:83,2
DA:84,1
DA:85,1
DA:86,3
DA:94,1
DA:96,1
DA:98,1
DA:100,1
DA:101,2
DA:102,0
DA:106,1
DA:107,3
DA:109,1
DA:110,1
DA:113,1
DA:118,1
DA:119,1
DA:120,4
DA:122,1
DA:124,1
DA:137,1
DA:138,1
DA:139,1
DA:140,1
DA:141,1
DA:143,1
DA:145,1
DA:146,2
DA:148,4
DA:152,1
DA:156,1
DA:159,1
DA:160,1
DA:161,1
DA:162,1
DA:166,1
DA:167,1
DA:170,1
DA:171,1
DA:172,1
DA:173,1
DA:174,1
DA:175,1
DA:176,3
DA:178,1
DA:180,1
DA:181,0
DA:184,0
DA:186,0
DA:188,0
DA:189,0
DA:192,0
DA:193,0
DA:197,1
DA:198,1
DA:199,1
DA:200,1
DA:201,1
DA:202,0
DA:203,0
DA:204,0
DA:205,0
DA:206,0
DA:207,0
DA:208,0
DA:210,0
DA:215,1
DA:216,1
DA:217,1
DA:218,1
DA:219,1
DA:220,1
DA:221,1
DA:238,2
DA:240,0
DA:241,0
DA:244,0
DA:245,0
DA:250,0
DA:251,0
DA:252,0
DA:260,0
DA:262,0
DA:263,0
DA:265,0
DA:266,0
DA:267,0
DA:269,0
DA:270,0
DA:271,0
DA:273,0
DA:274,0
DA:278,0
DA:283,0
DA:284,0
DA:286,0
DA:292,0
DA:293,0
DA:295,0
DA:296,0
DA:298,0
DA:299,0
DA:300,0
DA:303,0
DA:305,0
DA:308,0
DA:310,0
DA:311,0
DA:313,0
DA:315,0
DA:317,0
DA:319,0
DA:320,0
DA:321,0
DA:325,0
DA:326,0
DA:328,0
DA:329,0
DA:330,0
DA:331,0
DA:332,0
DA:334,0
DA:335,0
DA:337,0
DA:340,0
DA:342,0
DA:343,0
DA:344,0
DA:352,0
DA:353,0
DA:354,0
DA:355,0
DA:356,0
DA:358,0
DA:359,0
DA:360,0
DA:361,0
DA:362,0
DA:368,0
DA:370,0
DA:372,0
DA:373,0
DA:375,0
DA:377,0
DA:379,0
DA:380,0
DA:385,0
DA:386,0
DA:387,0
DA:388,0
DA:390,0
DA:391,0
DA:392,0
DA:393,0
DA:395,0
DA:396,0
DA:397,0
DA:398,0
DA:399,0
DA:402,0
DA:403,0
DA:404,0
DA:405,0
DA:406,0
DA:408,0
DA:409,0
DA:411,0
DA:412,0
DA:414,0
DA:416,0
DA:417,0
DA:422,0
LF:201
LH:86
end_of_record
SF:lib/View/Board.dart
DA:28,0
DA:29,1
DA:30,2
DA:31,7
DA:39,3
DA:40,3
DA:42,0
DA:52,2
DA:55,1
DA:59,1
DA:60,3
DA:62,0
DA:63,0
DA:69,5
DA:70,5
DA:78,1
DA:80,3
DA:84,0
DA:85,0
DA:87,0
DA:88,0
DA:89,0
DA:90,0
DA:91,0
DA:92,0
DA:95,0
DA:96,0
DA:97,0
DA:98,0
DA:101,0
DA:103,0
DA:105,0
DA:107,0
DA:108,0
DA:117,4
DA:118,3
DA:120,4
DA:121,1
DA:122,2
DA:123,2
DA:124,1
DA:125,7
DA:128,8
DA:129,1
DA:130,1
DA:131,1
DA:134,6
DA:136,2
DA:138,3
DA:140,1
DA:141,8
DA:151,1
DA:152,1
DA:158,1
DA:159,4
DA:160,3
DA:162,0
DA:163,0
DA:164,0
DA:169,4
DA:170,5
DA:178,1
DA:179,1
DA:180,2
DA:181,3
DA:182,4
DA:183,2
DA:238,1
DA:240,1
DA:241,2
DA:242,1
DA:243,1
DA:245,1
DA:246,1
DA:247,1
DA:257,0
DA:258,0
DA:259,0
DA:263,1
DA:265,2
DA:266,4
DA:268,2
DA:269,4
DA:271,0
DA:272,0
DA:273,0
DA:276,0
DA:278,0
DA:279,0
DA:280,0
DA:285,0
DA:286,0
DA:287,0
DA:288,0
DA:291,0
DA:298,1
DA:329,1
DA:331,1
DA:332,1
DA:334,1
DA:361,0
DA:362,0
DA:364,0
DA:365,0
DA:366,0
DA:368,0
DA:369,0
DA:370,0
DA:371,0
DA:374,0
DA:375,0
DA:378,0
DA:379,0
DA:381,0
DA:382,0
DA:383,0
DA:385,0
DA:386,0
DA:387,0
DA:388,0
DA:391,0
DA:392,0
DA:403,0
DA:404,0
DA:406,0
DA:407,0
DA:408,0
DA:410,0
DA:412,0
DA:415,0
DA:417,0
DA:418,0
DA:420,0
DA:422,0
DA:424,0
DA:426,0
DA:429,0
DA:430,0
DA:431,0
DA:432,0
DA:436,0
DA:437,0
DA:440,0
DA:442,0
DA:443,0
DA:446,0
DA:447,0
DA:449,0
DA:450,0
DA:453,0
DA:455,0
DA:456,0
DA:462,0
DA:464,0
DA:465,0
DA:466,0
DA:475,0
DA:476,0
DA:477,0
DA:478,0
DA:479,0
DA:480,0
DA:482,0
DA:484,0
DA:485,0
DA:486,0
DA:488,0
DA:490,0
DA:491,0
DA:492,0
DA:494,0
DA:495,0
DA:496,0
DA:497,0
DA:498,0
DA:499,0
DA:500,0
DA:501,0
DA:503,0
DA:504,0
DA:506,0
DA:507,0
DA:508,0
DA:509,0
DA:510,0
DA:512,0
DA:515,0
DA:516,0
DA:517,0
DA:518,0
DA:519,0
DA:520,0
DA:524,0
DA:526,0
DA:527,0
DA:528,0
DA:529,0
DA:530,0
DA:531,0
DA:533,0
DA:536,0
DA:537,0
DA:538,0
DA:539,0
DA:540,0
DA:541,0
DA:545,0
DA:546,0
DA:547,0
DA:550,0
DA:552,0
DA:554,0
DA:555,0
DA:558,0
DA:559,0
DA:560,0
DA:561,0
DA:562,0
DA:563,0
DA:565,0
DA:567,0
DA:570,0
DA:571,0
DA:572,0
DA:576,0
DA:577,0
DA:578,0
DA:579,0
DA:581,0
DA:585,0
DA:588,0
DA:589,0
DA:591,0
DA:593,0
DA:595,0
DA:596,0
DA:601,0
DA:602,0
DA:603,0
DA:606,0
DA:608,0
DA:610,0
DA:611,0
DA:614,0
DA:615,0
DA:616,0
DA:617,0
DA:618,0
DA:620,0
DA:622,0
DA:623,0
DA:627,0
DA:628,0
DA:629,0
DA:633,0
DA:634,0
DA:635,0
DA:636,0
DA:637,0
DA:641,0
DA:644,0
DA:645,0
DA:647,0
DA:649,0
DA:651,0
DA:652,0
DA:660,0
DA:661,0
DA:663,0
DA:664,0
DA:667,0
DA:668,0
DA:670,0
DA:672,0
DA:674,0
DA:675,0
DA:678,0
DA:681,0
DA:683,0
DA:684,0
DA:685,0
DA:687,0
DA:688,0
DA:689,0
DA:690,0
DA:692,0
DA:693,0
DA:695,0
DA:696,0
DA:697,0
DA:698,0
DA:699,0
DA:702,0
DA:715,0
DA:716,0
DA:717,0
DA:719,0
DA:720,0
DA:721,0
DA:722,0
DA:723,0
DA:724,0
DA:725,0
DA:726,0
DA:729,0
DA:730,0
DA:732,0
DA:733,0
DA:735,0
DA:736,0
DA:737,0
DA:738,0
DA:739,0
DA:740,0
DA:741,0
DA:747,0
DA:749,0
DA:750,0
DA:751,0
DA:752,0
DA:758,0
DA:769,0
DA:772,0
DA:773,0
DA:775,0
DA:791,1
DA:792,2
DA:794,4
DA:797,0
DA:798,0
DA:799,0
DA:800,0
DA:802,0
DA:806,7
DA:809,3
DA:811,0
DA:812,0
DA:813,2
DA:815,0
DA:816,0
DA:817,2
DA:819,0
DA:820,0
DA:821,2
DA:823,1
DA:824,1
DA:825,1
DA:839,0
DA:840,0
DA:841,0
DA:842,0
DA:845,0
DA:846,0
DA:847,0
DA:853,0
DA:854,0
DA:855,0
DA:859,0
DA:860,0
DA:861,0
DA:862,0
DA:863,0
DA:864,0
DA:865,0
DA:867,0
DA:868,0
DA:869,0
DA:870,0
DA:872,0
DA:874,0
DA:877,0
DA:878,0
DA:882,0
DA:883,0
DA:884,0
DA:885,0
DA:886,0
DA:887,0
DA:888,0
DA:889,0
DA:890,0
DA:891,0
DA:892,0
DA:893,0
DA:894,0
DA:896,0
DA:897,0
DA:898,0
DA:899,0
DA:901,0
DA:903,0
DA:906,0
DA:910,0
DA:911,0
DA:912,0
DA:913,0
DA:915,0
DA:916,0
DA:917,0
DA:919,0
DA:920,0
DA:921,0
DA:922,0
DA:923,0
DA:925,0
DA:926,0
DA:927,0
DA:928,0
DA:930,0
DA:932,0
DA:935,0
DA:938,0
DA:939,0
DA:940,0
DA:941,0
DA:943,0
DA:944,0
DA:945,0
DA:946,0
DA:947,0
DA:949,0
DA:950,0
DA:951,0
DA:952,0
DA:954,0
DA:956,0
DA:960,0
DA:961,0
DA:965,0
DA:966,0
DA:967,0
DA:968,0
DA:969,0
DA:970,0
DA:972,0
DA:974,0
DA:975,0
DA:976,0
DA:977,0
DA:978,0
DA:979,0
DA:987,0
DA:989,1
DA:990,1
DA:992,1
DA:993,1
DA:994,0
DA:995,0
DA:997,0
DA:998,0
DA:999,0
DA:1001,0
DA:1005,0
DA:1006,0
DA:1009,0
DA:1010,0
DA:1011,0
DA:1012,0
DA:1013,0
DA:1014,0
DA:1015,0
DA:1030,0
DA:1031,0
DA:1033,0
DA:1034,0
DA:1036,0
DA:1037,0
DA:1039,0
DA:1042,0
DA:1043,0
DA:1044,0
DA:1045,0
DA:1046,0
DA:1054,0
DA:1056,0
DA:1058,0
DA:1059,0
DA:1061,0
DA:1062,0
DA:1063,0
DA:1064,0
DA:1067,0
DA:1068,0
DA:1069,0
DA:1070,0
DA:1071,0
DA:1079,0
DA:1081,0
DA:1083,0
DA:1084,0
DA:1085,0
DA:1086,0
DA:1087,0
DA:1088,0
DA:1090,0
DA:1091,0
DA:1092,0
DA:1093,0
DA:1094,0
DA:1097,0
DA:1098,0
DA:1100,0
DA:1101,0
DA:1103,0
DA:1105,0
DA:1106,0
DA:1108,0
DA:1111,0
DA:1112,0
DA:1113,0
DA:1116,0
DA:1118,0
DA:1121,0
DA:1122,0
DA:1123,0
DA:1124,0
DA:1125,0
DA:1126,0
DA:1128,0
DA:1129,0
DA:1130,0
DA:1131,0
DA:1132,0
DA:1133,0
DA:1134,0
DA:1136,0
DA:1137,0
DA:1141,0
DA:1142,0
DA:1143,0
DA:1144,0
DA:1145,0
DA:1146,0
DA:1149,0
DA:1150,0
DA:1151,0
DA:1152,0
DA:1153,0
DA:1154,0
DA:1156,0
DA:1158,0
DA:1159,0
DA:1160,0
DA:1161,0
DA:1163,0
DA:1167,0
DA:1168,0
DA:1169,0
DA:1171,0
DA:1172,0
DA:1180,0
DA:1182,0
DA:1184,0
DA:1185,0
DA:1186,0
DA:1187,0
DA:1189,0
DA:1192,0
DA:1193,0
DA:1195,0
DA:1196,0
DA:1197,0
DA:1198,0
DA:1199,0
DA:1200,0
DA:1201,0
DA:1202,0
DA:1204,0
DA:1205,0
DA:1206,0
DA:1208,0
DA:1209,0
DA:1210,0
DA:1211,0
DA:1213,0
DA:1214,0
DA:1218,0
DA:1219,0
DA:1220,0
DA:1221,0
DA:1222,0
DA:1224,0
DA:1225,0
DA:1226,0
DA:1227,0
DA:1228,0
DA:1229,0
DA:1231,0
DA:1232,0
DA:1233,0
DA:1234,0
DA:1236,0
DA:1240,0
DA:1241,0
DA:1242,0
DA:1244,0
DA:1245,0
DA:1254,0
DA:1260,0
DA:1261,0
DA:1263,0
DA:1264,0
DA:1265,0
DA:1274,0
DA:1277,0
DA:1279,0
DA:1280,0
DA:1281,0
DA:1282,0
DA:1283,0
DA:1284,0
DA:1285,0
DA:1288,0
DA:1289,0
DA:1290,0
DA:1291,0
DA:1293,0
DA:1295,0
DA:1296,0
DA:1297,0
DA:1298,0
DA:1300,0
DA:1302,0
DA:1304,0
DA:1306,0
DA:1309,0
DA:1311,0
DA:1312,0
DA:1314,0
DA:1315,0
DA:1318,0
DA:1319,0
DA:1320,0
DA:1321,0
DA:1328,0
DA:1329,0
DA:1330,0
DA:1332,0
DA:1333,0
DA:1337,0
DA:1339,0
DA:1345,0
DA:1346,0
DA:1354,0
DA:1356,0
DA:1361,0
DA:1362,0
DA:1364,0
DA:1365,0
DA:1366,0
DA:1367,0
DA:1370,0
DA:1373,0
DA:1374,0
DA:1375,0
DA:1377,0
DA:1380,0
DA:1384,0
DA:1386,0
DA:1387,0
DA:1388,0
DA:1389,0
DA:1390,0
DA:1395,0
DA:1396,0
DA:1397,0
DA:1398,0
DA:1399,0
DA:1405,0
DA:1407,0
DA:1408,0
DA:1409,0
DA:1411,0
DA:1412,0
DA:1413,0
DA:1415,0
DA:1419,0
DA:1432,1
DA:1434,1
DA:1435,1
DA:1436,1
DA:1437,0
DA:1438,0
DA:1439,0
DA:1440,0
DA:1444,1
DA:1446,1
DA:1450,1
DA:1451,1
DA:1455,1
DA:1456,1
DA:1457,1
DA:1458,1
DA:1460,1
DA:1461,1
DA:1463,1
DA:1464,1
DA:1471,1
DA:1472,3
DA:1473,1
DA:1476,1
DA:1480,1
DA:1481,1
DA:1482,4
DA:1484,1
DA:1486,1
DA:1498,1
DA:1499,3
DA:1500,1
DA:1503,1
DA:1507,1
DA:1508,1
DA:1509,4
DA:1511,1
DA:1513,1
DA:1527,1
DA:1528,1
DA:1531,1
DA:1532,1
DA:1535,1
DA:1537,0
DA:1541,1
DA:1542,1
DA:1548,1
DA:1549,1
DA:1550,1
DA:1551,1
DA:1552,0
DA:1553,4
DA:1554,0
DA:1555,1
DA:1556,1
DA:1558,1
DA:1561,2
DA:1563,2
DA:1565,0
DA:1566,0
DA:1570,4
DA:1571,0
DA:1572,1
DA:1574,1
DA:1577,2
DA:1579,2
DA:1581,0
DA:1582,0
DA:1583,0
DA:1584,0
DA:1588,4
DA:1589,0
DA:1590,0
DA:1594,0
DA:1595,0
DA:1596,0
DA:1597,0
DA:1598,0
DA:1599,0
DA:1603,0
DA:1605,0
DA:1609,0
DA:1611,0
DA:1612,0
DA:1614,0
DA:1616,0
DA:1617,0
DA:1622,1
DA:1623,1
DA:1627,1
DA:1628,0
DA:1629,0
DA:1630,0
DA:1631,0
DA:1632,0
DA:1634,0
DA:1635,0
DA:1637,0
DA:1638,0
DA:1640,0
DA:1641,0
DA:1642,0
DA:1643,0
DA:1644,0
DA:1650,4
DA:1651,1
DA:1654,2
DA:1655,0
DA:1656,5
DA:1657,10
DA:1659,0
DA:1661,0
DA:1663,0
DA:1665,2
DA:1714,2
DA:1718,0
DA:1719,0
DA:1720,0
DA:1721,0
DA:1722,0
DA:1723,0
DA:1724,0
DA:1725,0
DA:1726,0
DA:1727,0
DA:1734,0
DA:1735,0
DA:1736,0
DA:1737,0
DA:1738,0
DA:1739,0
DA:1748,0
DA:1749,0
DA:1750,0
DA:1751,0
DA:1752,0
DA:1753,0
DA:1755,0
DA:1756,0
DA:1761,0
DA:1762,0
DA:1768,0
DA:1769,0
DA:1771,0
DA:1772,0
DA:1774,0
DA:1776,0
DA:1777,0
DA:1778,0
DA:1780,0
DA:1781,0
DA:1782,0
DA:1784,0
DA:1785,0
DA:1786,0
DA:1788,0
DA:1789,0
DA:1794,0
DA:1796,0
DA:1797,0
DA:1798,0
DA:1812,0
DA:1814,0
DA:1815,0
DA:1816,0
DA:1817,0
DA:1819,0
DA:1820,0
DA:1821,0
DA:1832,0
DA:1833,0
DA:1834,0
DA:1838,0
DA:1839,0
DA:1840,0
DA:1842,0
DA:1844,0
DA:1847,0
DA:1848,0
DA:1849,0
DA:1850,0
DA:1854,0
DA:1860,0
DA:1864,0
DA:1874,0
DA:1875,0
DA:1876,0
DA:1878,0
DA:1879,0
DA:1880,0
DA:1881,0
DA:1882,0
DA:1883,0
DA:1891,0
DA:1892,0
DA:1893,0
DA:1894,0
DA:1895,0
DA:1896,0
DA:1906,0
DA:1907,0
DA:1908,0
DA:1915,0
DA:1916,0
DA:1917,0
DA:1919,0
DA:1920,0
DA:1921,0
DA:1922,0
DA:1923,0
DA:1924,0
DA:1925,0
DA:1926,0
DA:1927,0
DA:1934,0
DA:1935,0
DA:1936,0
DA:1937,0
DA:1938,0
DA:1939,0
DA:1940,0
DA:1941,0
DA:1942,0
DA:1951,0
DA:1953,0
DA:1957,0
DA:1958,0
DA:1960,0
DA:1963,0
DA:1964,0
DA:1966,0
DA:1967,0
DA:1969,0
DA:1970,0
DA:1971,0
DA:1974,0
DA:1979,0
DA:1981,0
DA:1988,0
DA:1989,0
DA:1991,0
DA:1992,0
DA:1993,0
DA:1996,0
DA:1998,0
DA:2001,0
DA:2003,0
DA:2004,0
DA:2006,0
DA:2008,0
DA:2010,0
DA:2011,0
DA:2013,0
DA:2015,0
DA:2016,0
DA:2019,0
DA:2021,0
DA:2022,0
DA:2023,0
DA:2039,0
DA:2042,0
DA:2043,0
DA:2045,0
DA:2046,0
DA:2047,0
DA:2048,0
DA:2049,0
DA:2053,0
DA:2054,0
DA:2055,0
DA:2056,0
DA:2058,0
DA:2059,0
DA:2060,0
DA:2061,0
DA:2063,0
DA:2064,0
DA:2065,0
DA:2068,0
DA:2069,0
DA:2070,0
DA:2075,0
DA:2077,0
DA:2078,0
DA:2079,0
DA:2080,0
DA:2082,0
DA:2083,0
DA:2084,0
DA:2085,0
DA:2087,0
DA:2088,0
DA:2089,0
DA:2092,0
DA:2093,0
DA:2094,0
DA:2100,0
DA:2102,0
DA:2103,0
DA:2104,0
DA:2105,0
DA:2106,0
DA:2107,0
DA:2109,0
DA:2110,0
DA:2111,0
DA:2112,0
DA:2113,0
DA:2115,0
DA:2116,0
DA:2117,0
DA:2118,0
DA:2119,0
DA:2120,0
DA:2121,0
DA:2123,0
DA:2124,0
DA:2126,0
DA:2128,0
DA:2129,0
DA:2131,0
DA:2133,0
DA:2134,0
DA:2135,0
DA:2138,0
DA:2139,0
DA:2143,0
DA:2144,0
DA:2147,0
DA:2149,0
DA:2151,0
DA:2156,0
DA:2157,0
DA:2159,0
DA:2163,0
DA:2164,0
DA:2167,0
DA:2168,0
DA:2171,0
DA:2173,0
DA:2175,0
DA:2181,0
DA:2182,0
DA:2183,0
DA:2184,0
DA:2185,0
DA:2186,0
DA:2187,0
DA:2192,0
DA:2195,0
DA:2196,0
DA:2200,0
DA:2201,0
DA:2202,0
DA:2203,0
DA:2204,0
DA:2206,0
DA:2207,0
DA:2217,0
DA:2222,0
DA:2223,0
DA:2224,0
DA:2225,0
DA:2226,0
DA:2229,0
DA:2231,0
DA:2232,0
DA:2234,0
DA:2237,0
DA:2238,0
DA:2239,0
DA:2240,0
DA:2241,0
DA:2243,0
DA:2245,0
DA:2248,0
DA:2254,0
DA:2256,0
DA:2257,0
DA:2258,0
DA:2260,0
DA:2261,0
DA:2266,0
DA:2269,0
DA:2270,0
DA:2272,0
DA:2274,0
DA:2276,0
DA:2278,0
DA:2289,0
DA:2290,0
DA:2291,0
DA:2293,0
DA:2294,0
DA:2295,0
DA:2296,0
DA:2297,0
DA:2298,0
DA:2299,0
DA:2300,0
DA:2303,0
DA:2304,0
DA:2306,0
DA:2311,0
DA:2312,0
DA:2314,0
DA:2316,0
DA:2317,0
DA:2318,0
DA:2320,0
DA:2321,0
DA:2322,0
DA:2323,0
DA:2324,0
DA:2328,0
DA:2330,0
DA:2331,0
DA:2333,0
DA:2334,0
DA:2337,0
DA:2339,0
DA:2341,0
DA:2343,0
DA:2344,0
DA:2345,0
DA:2347,0
DA:2349,0
DA:2350,0
DA:2352,0
DA:2356,0
DA:2359,0
DA:2361,0
DA:2362,0
DA:2365,0
DA:2366,0
DA:2367,0
DA:2369,0
DA:2370,0
DA:2373,0
DA:2374,0
DA:2375,0
DA:2378,0
DA:2379,0
DA:2380,0
DA:2381,0
DA:2382,0
DA:2384,0
DA:2396,0
DA:2397,0
DA:2398,0
DA:2400,0
DA:2402,0
DA:2403,0
DA:2404,0
DA:2405,0
DA:2407,0
DA:2409,0
DA:2410,0
DA:2411,0
DA:2413,0
DA:2414,0
DA:2418,0
DA:2419,0
DA:2422,0
DA:2423,0
DA:2425,0
DA:2426,0
DA:2427,0
DA:2428,0
DA:2429,0
DA:2431,0
DA:2440,0
DA:2441,0
DA:2443,0
DA:2444,0
DA:2445,0
DA:2448,0
DA:2450,0
DA:2453,0
DA:2455,0
DA:2456,0
DA:2458,0
DA:2460,0
DA:2462,0
DA:2463,0
DA:2464,0
DA:2465,0
DA:2468,0
DA:2470,0
DA:2471,0
DA:2472,0
DA:2480,0
DA:2482,0
DA:2483,0
DA:2486,0
DA:2488,0
DA:2489,0
DA:2490,0
DA:2492,0
DA:2494,0
DA:2495,0
DA:2498,0
DA:2499,0
DA:2500,0
DA:2501,0
DA:2505,0
DA:2507,0
DA:2515,0
DA:2517,0
DA:2519,0
DA:2520,0
DA:2521,0
DA:2522,0
DA:2523,0
DA:2524,0
DA:2526,0
DA:2527,0
DA:2530,0
DA:2531,0
DA:2532,0
DA:2534,0
DA:2535,0
DA:2537,0
DA:2538,0
DA:2539,0
DA:2547,0
DA:2549,0
DA:2550,0
DA:2551,0
DA:2552,0
DA:2553,0
DA:2555,0
DA:2557,0
DA:2558,0
DA:2560,0
DA:2561,0
DA:2562,0
DA:2563,0
DA:2564,0
DA:2565,0
DA:2566,0
DA:2567,0
DA:2570,0
DA:2571,0
DA:2572,0
DA:2573,0
DA:2574,0
DA:2575,0
DA:2576,0
DA:2578,0
DA:2581,0
DA:2582,0
DA:2583,0
DA:2584,0
DA:2585,0
DA:2586,0
DA:2587,0
DA:2590,0
DA:2591,0
DA:2592,0
DA:2593,0
DA:2594,0
DA:2595,0
DA:2596,0
DA:2598,0
DA:2602,0
DA:2603,0
DA:2604,0
DA:2605,0
DA:2606,0
DA:2607,0
DA:2608,0
DA:2609,0
DA:2611,0
DA:2612,0
DA:2613,0
DA:2614,0
DA:2615,0
DA:2617,0
DA:2618,0
DA:2619,0
DA:2620,0
DA:2621,0
DA:2622,0
DA:2624,0
DA:2627,0
DA:2629,0
DA:2630,0
DA:2631,0
DA:2632,0
DA:2633,0
DA:2635,0
DA:2638,0
DA:2640,0
DA:2641,0
DA:2643,0
DA:2644,0
DA:2645,0
DA:2646,0
DA:2647,0
DA:2649,0
DA:2650,0
DA:2651,0
DA:2652,0
DA:2653,0
DA:2655,0
DA:2657,0
DA:2658,0
DA:2659,0
DA:2660,0
DA:2661,0
DA:2663,0
DA:2665,0
DA:2670,0
DA:2672,0
DA:2674,0
DA:2675,0
DA:2689,0
DA:2691,0
DA:2692,0
DA:2699,0
DA:2700,0
DA:2702,0
DA:2703,0
DA:2704,0
DA:2705,0
DA:2706,0
DA:2707,0
DA:2708,0
DA:2709,0
DA:2711,0
DA:2713,0
DA:2715,0
DA:2721,0
DA:2722,0
DA:2723,0
DA:2724,0
DA:2726,0
DA:2727,0
DA:2729,0
DA:2732,0
DA:2733,0
DA:2736,0
DA:2738,0
DA:2739,0
DA:2740,0
DA:2741,0
DA:2742,0
DA:2743,0
DA:2745,0
DA:2746,0
DA:2747,0
DA:2749,0
DA:2752,0
DA:2758,0
LF:1332
LH:143
end_of_record
SF:lib/View/Login.dart
DA:14,6
DA:15,6
DA:29,0
DA:30,0
DA:31,0
DA:39,6
DA:44,6
DA:45,0
DA:46,0
DA:48,0
DA:52,0
DA:54,0
DA:56,0
DA:57,0
DA:58,0
DA:59,0
DA:61,0
DA:62,0
DA:67,0
DA:69,0
DA:76,6
DA:78,6
DA:79,6
DA:80,0
DA:81,0
DA:83,6
DA:84,6
DA:91,6
DA:92,0
DA:93,0
DA:95,0
DA:99,0
DA:101,0
DA:102,0
DA:105,0
DA:106,0
DA:111,0
DA:112,0
DA:113,0
DA:116,0
DA:119,0
DA:121,0
DA:128,6
DA:129,6
DA:132,0
DA:133,0
DA:138,6
DA:139,6
DA:140,6
DA:143,12
DA:146,6
DA:147,0
DA:148,0
DA:150,0
DA:154,0
DA:156,0
DA:157,0
DA:158,0
DA:159,0
DA:160,0
DA:161,0
DA:163,0
DA:165,0
DA:166,0
DA:168,0
DA:170,0
DA:171,0
DA:172,0
DA:176,0
DA:178,0
DA:185,6
DA:186,6
DA:187,6
DA:188,0
DA:189,6
DA:190,6
DA:192,6
DA:194,6
DA:195,6
DA:197,6
DA:199,12
DA:200,6
DA:201,6
DA:208,6
DA:209,0
DA:210,0
DA:212,0
DA:216,0
DA:218,0
DA:220,0
DA:221,0
DA:222,0
DA:223,0
DA:224,0
DA:225,0
DA:226,0
DA:227,0
DA:230,0
DA:231,0
DA:232,0
DA:233,0
DA:234,0
DA:236,0
DA:237,0
DA:238,0
DA:240,0
DA:241,0
DA:242,0
DA:243,0
DA:245,0
DA:248,0
DA:249,0
DA:250,0
DA:255,0
DA:258,0
DA:259,0
DA:261,0
DA:267,0
DA:269,0
DA:276,6
DA:278,6
DA:279,6
DA:280,6
DA:281,18
DA:282,6
DA:283,0
DA:285,0
DA:286,0
DA:287,0
DA:289,0
DA:290,0
DA:291,0
DA:292,0
DA:294,0
DA:295,0
DA:296,0
DA:298,0
DA:300,0
DA:301,0
DA:303,0
DA:306,0
DA:307,0
DA:308,0
DA:314,6
DA:315,6
DA:317,12
DA:326,6
DA:327,0
DA:328,0
DA:330,0
DA:334,0
DA:336,0
DA:338,0
DA:339,0
DA:340,0
DA:341,0
DA:342,0
DA:343,0
DA:344,0
DA:346,0
DA:349,0
DA:350,0
DA:352,0
DA:357,0
DA:359,0
DA:366,6
DA:368,6
DA:369,6
DA:370,6
DA:371,18
DA:372,6
DA:373,0
DA:374,0
DA:376,0
DA:379,6
DA:380,6
DA:382,12
DA:389,6
DA:390,6
DA:391,0
DA:392,0
DA:394,0
DA:398,0
DA:400,0
DA:401,0
DA:402,0
DA:403,0
DA:404,0
DA:407,0
DA:408,0
DA:409,0
DA:410,0
DA:415,0
DA:416,0
DA:417,0
DA:418,0
DA:419,0
DA:424,0
DA:431,0
DA:433,0
DA:439,6
DA:440,6
DA:441,6
DA:442,6
DA:443,6
DA:446,6
DA:447,6
DA:448,6
DA:449,6
DA:454,6
DA:455,6
DA:456,6
DA:457,6
DA:458,6
DA:463,6
DA:471,6
DA:472,6
DA:473,6
DA:476,18
DA:477,18
DA:478,6
DA:480,6
DA:481,6
DA:482,6
DA:483,6
DA:487,6
DA:488,6
DA:492,6
DA:496,6
DA:503,6
DA:511,6
DA:512,6
DA:513,6
DA:514,6
DA:515,6
DA:517,6
DA:520,6
DA:521,6
DA:525,6
DA:528,6
DA:529,6
DA:530,6
LF:242
LH:93
end_of_record
SF:lib/View/profile/student/ViewStudentProfile.dart
DA:12,1
DA:17,1
DA:18,1
DA:19,1
DA:20,1
DA:21,1
DA:22,1
DA:23,1
DA:24,1
DA:25,2
DA:26,1
DA:27,1
DA:28,1
DA:29,2
DA:30,1
DA:31,1
DA:32,1
DA:33,2
DA:36,1
DA:38,1
DA:43,1
DA:49,1
DA:51,1
DA:52,1
DA:54,3
DA:55,1
DA:57,1
DA:60,1
DA:61,1
DA:62,1
DA:64,1
DA:65,1
DA:68,1
DA:69,1
DA:70,1
DA:71,1
DA:75,1
DA:76,1
DA:77,1
DA:78,1
DA:89,1
DA:92,8
DA:94,1
DA:97,1
DA:99,4
DA:101,1
DA:103,1
DA:105,4
DA:107,1
DA:109,1
DA:111,7
DA:112,1
DA:113,1
DA:116,1
DA:118,5
DA:120,1
DA:122,1
DA:124,7
DA:125,1
DA:127,1
DA:140,1
DA:151,1
DA:152,1
DA:154,1
DA:161,1
DA:162,1
DA:168,1
DA:171,1
DA:172,3
LF:69
LH:69
end_of_record
SF:lib/View/profile/supervisor/ViewSupProfile.dart
DA:7,1
DA:9,1
DA:11,1
DA:15,1
DA:20,1
DA:21,1
DA:22,1
DA:25,1
DA:26,1
DA:27,1
DA:29,1
DA:30,1
DA:33,1
DA:34,1
DA:35,1
DA:36,1
DA:40,1
DA:41,1
DA:42,1
DA:43,1
DA:54,1
DA:55,1
DA:56,3
DA:57,1
DA:58,3
DA:61,1
DA:63,1
DA:64,4
DA:66,1
DA:68,1
DA:69,4
DA:71,1
DA:73,1
DA:74,4
DA:76,1
DA:85,2
DA:94,1
DA:95,1
DA:102,0
DA:110,1
DA:113,2
DA:155,1
DA:156,1
DA:157,3
LF:44
LH:43
end_of_record
SF:lib/View/register/StudentSuperVisorRegister.dart
DA:6,6
DA:17,3
DA:18,3
DA:24,3
DA:26,3
DA:28,3
DA:29,3
DA:30,3
DA:31,9
DA:32,3
DA:33,0
DA:34,0
DA:36,3
DA:38,6
DA:45,3
DA:47,3
DA:48,3
DA:49,3
DA:50,9
DA:51,3
DA:52,0
DA:56,0
DA:58,0
DA:61,3
DA:63,6
DA:68,3
DA:69,3
DA:70,3
DA:71,3
DA:72,3
DA:73,3
DA:76,3
DA:77,3
DA:78,3
DA:79,3
DA:84,3
DA:85,3
DA:86,3
DA:87,3
DA:88,3
DA:93,3
DA:101,3
DA:102,3
DA:103,3
DA:104,3
DA:105,3
DA:107,9
DA:108,3
DA:110,3
DA:114,3
DA:116,3
DA:118,3
DA:122,6
DA:124,3
DA:128,3
DA:133,3
LF:56
LH:51
end_of_record
SF:lib/user.dart
DA:12,1
DA:26,2
DA:29,1
DA:30,1
DA:34,2
DA:37,1
DA:38,1
DA:42,2
DA:45,1
DA:46,1
DA:50,2
DA:53,1
DA:54,1
DA:58,2
DA:61,1
DA:62,1
LF:16
LH:16
end_of_record
SF:lib/View/register/StudentRegister.dart
DA:19,1
DA:21,1
DA:22,3
DA:23,3
DA:24,5
DA:27,1
DA:28,1
DA:33,1
DA:34,3
DA:36,3
DA:37,1
DA:38,1
DA:39,1
DA:40,1
DA:41,2
DA:42,1
DA:43,1
DA:44,1
DA:45,2
DA:47,1
DA:48,1
DA:49,1
DA:51,1
DA:52,1
DA:53,1
DA:54,1
DA:55,1
DA:56,1
DA:57,1
DA:58,2
DA:59,2
DA:60,3
DA:66,0
DA:67,0
DA:70,0
DA:71,0
DA:72,0
DA:73,0
DA:82,1
DA:83,2
DA:85,1
DA:86,1
DA:87,1
DA:90,0
DA:91,0
DA:92,0
DA:95,0
DA:96,0
DA:108,1
DA:111,1
DA:115,1
DA:116,1
DA:117,2
DA:118,1
DA:119,1
DA:121,1
DA:122,1
DA:123,1
DA:132,1
DA:133,2
DA:134,1
DA:138,0
DA:140,0
DA:141,0
DA:142,0
DA:143,0
DA:145,0
DA:146,0
DA:147,0
DA:157,1
DA:158,2
DA:159,1
DA:210,1
DA:212,2
DA:213,1
DA:216,1
DA:217,1
DA:218,1
DA:219,1
DA:222,3
DA:223,2
DA:224,3
DA:225,1
DA:226,3
DA:227,3
DA:228,3
DA:233,3
DA:235,4
DA:237,1
DA:241,3
DA:246,1
DA:247,0
DA:248,0
DA:253,2
DA:256,1
DA:261,2
DA:262,1
DA:265,3
DA:266,0
DA:267,0
DA:272,1
DA:273,1
DA:274,0
DA:275,0
DA:276,0
DA:277,0
DA:278,0
DA:279,0
DA:280,0
DA:282,0
DA:283,0
DA:285,0
DA:286,0
DA:288,0
DA:300,1
DA:301,2
DA:302,2
DA:308,1
DA:309,2
DA:310,2
DA:315,0
DA:320,1
DA:321,1
DA:323,0
DA:324,0
DA:325,0
DA:327,1
DA:328,1
DA:333,2
DA:337,0
DA:338,0
DA:340,0
DA:341,0
DA:342,0
DA:344,0
DA:345,0
DA:346,0
DA:348,0
DA:349,0
DA:351,1
DA:352,1
DA:354,0
DA:355,0
DA:356,0
DA:358,1
DA:359,1
DA:360,1
DA:362,1
DA:363,1
DA:367,0
DA:368,0
DA:370,0
DA:371,0
DA:372,0
DA:374,0
DA:375,0
DA:376,0
DA:378,0
DA:379,0
DA:381,1
DA:382,1
DA:384,0
DA:385,0
DA:386,0
DA:388,1
DA:389,1
DA:390,1
DA:392,1
DA:393,1
DA:397,0
DA:398,0
DA:400,0
DA:401,0
DA:404,0
DA:409,0
DA:410,0
DA:412,0
DA:413,0
DA:414,0
DA:416,0
DA:417,0
DA:419,1
DA:420,1
DA:422,0
DA:423,0
DA:426,0
DA:431,0
DA:432,0
DA:434,1
DA:435,1
DA:436,1
DA:438,1
DA:439,1
DA:443,0
DA:444,0
DA:445,0
DA:446,0
DA:447,0
DA:449,0
DA:452,0
DA:453,0
DA:456,0
DA:457,0
DA:458,0
DA:459,0
DA:460,0
DA:473,1
DA:474,1
DA:475,1
DA:476,1
DA:477,1
DA:479,2
DA:482,1
DA:483,1
DA:486,1
DA:487,1
DA:488,1
DA:489,1
DA:490,1
DA:505,0
DA:506,0
DA:507,0
DA:508,0
DA:509,0
DA:511,0
DA:514,0
DA:515,0
DA:518,0
DA:519,0
DA:520,0
DA:521,0
DA:522,0
DA:535,1
DA:536,1
DA:537,1
DA:538,1
DA:539,1
DA:541,2
DA:544,1
DA:545,1
DA:548,1
DA:549,1
DA:550,1
DA:551,1
DA:552,1
DA:566,4
DA:612,0
DA:613,0
DA:614,0
DA:617,0
DA:619,0
DA:620,0
DA:621,0
DA:624,0
DA:625,0
DA:626,0
DA:627,0
DA:628,0
DA:630,0
DA:632,0
DA:633,0
DA:637,0
DA:638,0
DA:639,0
DA:644,0
DA:647,0
DA:648,0
DA:649,0
DA:651,0
DA:653,0
DA:658,1
DA:659,1
DA:660,1
DA:663,1
DA:665,1
DA:666,1
DA:667,1
DA:670,1
DA:671,1
DA:672,1
DA:673,1
DA:675,1
DA:677,0
DA:678,0
DA:682,1
DA:683,1
DA:684,1
DA:689,1
DA:692,1
DA:693,1
DA:694,1
DA:696,1
DA:698,2
DA:705,0
DA:706,0
DA:707,0
DA:708,0
DA:709,0
DA:710,0
DA:711,0
DA:713,0
DA:714,0
DA:715,0
DA:716,0
DA:717,0
DA:718,0
DA:719,0
DA:720,0
DA:722,0
DA:723,0
DA:725,1
DA:726,1
DA:727,1
DA:728,0
DA:729,0
DA:730,0
DA:731,0
DA:733,1
DA:734,1
DA:735,1
DA:736,1
DA:737,1
DA:738,0
DA:739,1
DA:740,1
DA:742,1
DA:743,1
DA:747,0
DA:748,0
DA:749,0
DA:750,0
DA:753,0
DA:758,0
DA:759,0
DA:760,0
DA:762,0
DA:763,0
DA:764,0
DA:765,0
DA:766,0
DA:767,0
DA:768,0
DA:769,0
DA:771,0
DA:772,0
DA:774,1
DA:775,1
DA:776,0
DA:777,0
DA:780,0
DA:785,1
DA:786,0
DA:787,0
DA:789,1
DA:790,1
DA:791,1
DA:792,1
DA:793,1
DA:794,0
DA:795,1
DA:796,1
DA:798,1
DA:799,1
DA:803,0
DA:804,0
DA:805,0
DA:806,0
DA:808,0
DA:810,0
DA:812,0
DA:813,0
DA:814,0
DA:815,0
DA:816,0
DA:817,0
DA:818,0
DA:819,0
DA:820,0
DA:821,0
DA:823,0
DA:824,0
DA:825,0
DA:826,0
DA:828,0
DA:829,0
DA:830,0
DA:831,0
DA:832,0
DA:833,0
DA:835,0
DA:843,0
DA:847,0
DA:849,0
DA:854,0
DA:855,0
DA:858,1
DA:860,1
DA:861,1
DA:862,1
DA:863,3
DA:864,1
DA:865,0
DA:866,0
DA:867,0
DA:868,0
DA:870,0
DA:871,0
DA:872,0
DA:873,0
DA:875,0
DA:876,0
DA:877,0
DA:878,0
DA:879,0
DA:880,0
DA:882,0
DA:890,0
DA:894,1
DA:896,2
DA:901,1
DA:902,1
DA:903,1
DA:904,1
DA:905,1
DA:906,1
DA:909,1
DA:910,1
DA:911,1
DA:912,1
DA:917,1
DA:918,1
DA:919,1
DA:920,1
DA:921,1
DA:926,1
DA:934,0
DA:935,0
DA:936,0
DA:937,0
DA:939,0
DA:941,0
DA:942,0
DA:943,0
DA:944,0
DA:945,0
DA:946,0
DA:948,0
DA:950,0
DA:953,0
DA:955,0
DA:960,0
DA:963,1
DA:965,1
DA:966,1
DA:967,1
DA:968,3
DA:969,1
DA:970,0
DA:972,0
DA:974,0
DA:977,1
DA:979,2
DA:984,1
DA:985,1
DA:986,1
DA:988,3
DA:989,3
DA:991,1
DA:993,1
DA:994,1
DA:995,1
DA:996,1
DA:999,1
DA:1000,1
DA:1004,1
DA:1008,0
DA:1011,0
DA:1012,0
DA:1013,0
DA:1015,0
DA:1016,0
DA:1017,0
DA:1019,0
DA:1021,0
DA:1024,0
DA:1026,0
DA:1028,0
DA:1031,0
DA:1033,0
DA:1035,0
DA:1038,0
DA:1040,0
DA:1042,0
DA:1045,0
DA:1047,0
DA:1049,0
DA:1054,0
DA:1055,0
DA:1059,0
DA:1060,0
DA:1061,0
DA:1062,0
DA:1066,0
DA:1069,0
DA:1070,0
DA:1072,0
DA:1075,0
DA:1076,0
DA:1078,0
DA:1081,0
DA:1082,0
DA:1085,0
DA:1086,0
DA:1091,1
DA:1094,1
DA:1096,2
DA:1097,1
DA:1099,4
DA:1101,1
DA:1104,1
DA:1106,4
DA:1108,1
DA:1111,1
DA:1113,4
DA:1115,1
DA:1118,1
DA:1120,4
DA:1122,1
DA:1125,1
DA:1127,4
DA:1129,1
DA:1133,2
DA:1134,1
DA:1138,2
DA:1139,1
DA:1140,4
DA:1144,1
DA:1147,1
DA:1148,4
DA:1150,1
DA:1153,1
DA:1154,4
DA:1156,1
DA:1159,1
DA:1160,4
DA:1167,1
DA:1168,1
DA:1169,1
DA:1170,1
DA:1171,1
DA:1172,1
LF:551
LH:266
end_of_record
SF:lib/View/register/SupervisorRegister.dart
DA:13,3
DA:14,3
DA:44,0
DA:45,0
DA:48,0
DA:49,0
DA:54,0
DA:55,0
DA:56,0
DA:57,0
DA:58,0
DA:59,0
DA:60,0
DA:61,0
DA:63,0
DA:68,0
DA:69,0
DA:70,0
DA:71,0
DA:72,0
DA:73,0
DA:74,0
DA:75,0
DA:80,0
DA:81,0
DA:82,0
DA:83,0
DA:84,0
DA:85,0
DA:86,0
DA:87,0
DA:88,0
DA:89,0
DA:92,0
DA:93,0
DA:95,0
DA:96,0
DA:98,0
DA:110,0
DA:111,0
DA:112,0
DA:118,0
DA:119,0
DA:120,0
DA:125,3
DA:127,3
DA:128,3
DA:130,0
DA:131,0
DA:132,0
DA:134,3
DA:135,3
DA:136,3
DA:139,6
DA:142,3
DA:144,3
DA:145,0
DA:146,0
DA:147,0
DA:149,3
DA:150,3
DA:151,3
DA:154,6
DA:157,3
DA:158,3
DA:160,3
DA:161,0
DA:162,0
DA:163,0
DA:165,3
DA:166,3
DA:169,6
DA:172,3
DA:173,3
DA:175,3
DA:176,0
DA:177,0
DA:180,0
DA:185,0
DA:186,0
DA:188,3
DA:189,3
DA:192,6
DA:195,3
DA:196,3
DA:198,3
DA:199,3
DA:200,3
DA:203,6
DA:206,3
DA:207,3
DA:208,0
DA:209,0
DA:210,0
DA:211,0
DA:213,3
DA:214,3
DA:215,3
DA:216,12
DA:217,3
DA:220,6
DA:223,3
DA:224,3
DA:225,3
DA:226,3
DA:227,0
DA:229,0
DA:232,0
DA:238,3
DA:239,12
DA:240,3
DA:243,6
DA:246,0
DA:247,0
DA:248,0
DA:249,0
DA:251,0
DA:252,0
DA:254,0
DA:255,0
DA:256,0
DA:257,0
DA:258,0
DA:259,0
DA:260,0
DA:261,0
DA:265,0
DA:267,0
DA:272,0
DA:273,0
DA:277,3
DA:279,3
DA:280,3
DA:281,3
DA:282,9
DA:283,3
DA:284,0
DA:285,0
DA:286,0
DA:290,3
DA:292,6
DA:297,0
DA:298,0
DA:299,0
DA:300,0
DA:302,0
DA:303,0
DA:305,0
DA:306,0
DA:307,0
DA:308,0
DA:309,0
DA:310,0
DA:312,0
DA:314,0
DA:317,0
DA:319,0
DA:324,0
DA:325,0
DA:329,3
DA:331,3
DA:332,3
DA:333,3
DA:334,9
DA:335,3
DA:336,0
DA:338,0
DA:340,0
DA:343,3
DA:345,6
DA:350,3
DA:351,3
DA:352,3
DA:353,3
DA:354,3
DA:355,3
DA:358,3
DA:359,3
DA:360,3
DA:361,3
DA:366,3
DA:367,3
DA:368,3
DA:369,3
DA:370,3
DA:375,3
DA:383,3
DA:384,3
DA:385,3
DA:387,9
DA:388,9
DA:390,3
DA:391,0
DA:392,3
DA:393,3
DA:394,3
DA:395,3
DA:398,3
DA:399,3
DA:404,0
DA:407,0
DA:408,0
DA:409,0
DA:411,0
DA:413,0
DA:414,0
DA:417,0
DA:420,0
DA:423,0
DA:426,0
DA:429,0
DA:432,0
DA:435,0
DA:440,0
DA:441,0
DA:445,0
DA:446,0
DA:447,0
DA:450,0
DA:453,0
DA:456,0
DA:459,0
DA:462,0
DA:467,0
DA:468,0
DA:473,3
DA:476,3
DA:478,6
DA:479,3
DA:482,3
DA:485,3
DA:488,3
DA:491,3
DA:494,3
DA:497,3
DA:500,3
DA:504,6
DA:505,3
DA:509,6
DA:510,3
DA:513,3
DA:516,3
DA:519,3
DA:522,3
DA:525,3
DA:531,3
DA:535,3
DA:538,3
DA:539,3
DA:540,3
DA:541,3
DA:542,3
DA:543,3
DA:544,3
DA:548,3
DA:551,3
DA:552,3
DA:553,3
LF:258
LH:126
end_of_record
SF:lib/View/resetpassword.dart
DA:15,2
DA:16,2
DA:31,1
DA:32,2
DA:33,4
DA:41,1
DA:42,2
DA:43,4
DA:47,0
DA:48,0
DA:50,0
DA:51,0
DA:52,0
DA:53,0
DA:57,2
DA:61,2
DA:62,2
DA:64,2
DA:65,1
DA:66,4
DA:68,2
DA:69,2
DA:70,2
DA:71,2
DA:74,4
DA:77,2
DA:78,2
DA:79,4
DA:81,1
DA:82,2
DA:83,1
DA:84,4
DA:86,2
DA:87,2
DA:88,2
DA:89,12
DA:90,2
DA:93,4
DA:96,2
DA:97,2
DA:99,1
DA:100,1
DA:103,3
DA:108,4
DA:109,1
DA:110,3
DA:112,2
DA:113,2
DA:114,2
DA:115,2
DA:116,6
DA:117,2
DA:118,2
DA:119,2
DA:122,4
DA:126,0
DA:127,0
DA:128,0
DA:129,0
DA:131,0
DA:132,0
DA:134,0
DA:135,0
DA:136,0
DA:137,0
DA:138,0
DA:139,0
DA:140,0
DA:141,0
DA:144,0
DA:145,0
DA:147,0
DA:152,0
DA:153,0
DA:157,2
DA:159,2
DA:160,2
DA:161,2
DA:162,6
DA:163,2
DA:164,1
DA:166,3
DA:167,0
DA:171,2
DA:172,2
DA:174,4
DA:179,2
DA:180,2
DA:181,2
DA:184,2
DA:185,2
DA:186,2
DA:187,2
DA:189,2
DA:190,2
DA:192,6
DA:193,6
DA:195,2
DA:197,2
DA:198,2
DA:199,2
DA:200,2
DA:203,2
DA:204,2
DA:207,2
DA:208,2
DA:209,4
DA:210,2
DA:211,4
DA:215,2
DA:218,2
DA:219,2
DA:220,4
DA:221,2
DA:222,4
DA:225,2
DA:228,2
DA:229,2
DA:230,4
DA:231,2
DA:232,4
DA:235,2
DA:239,2
LF:123
LH:97
end_of_record
SF:lib/Model/PostGradType.dart
DA:14,2
DA:18,1
DA:20,1
LF:3
LH:3
end_of_record
SF:lib/Model/UserType.dart
DA:9,2
DA:11,2
DA:15,1
DA:17,1
LF:4
LH:4
end_of_record
SF:lib/counter.dart
DA:4,3
DA:6,3
LF:2
LH:2
end_of_record
