SF:lib/main.dart
DA:32,19
DA:39,7
DA:40,13
DA:42,15
DA:43,15
DA:44,6
DA:45,9
DA:49,0
DA:51,6
DA:52,3
DA:53,6
DA:54,6
DA:55,6
DA:59,0
DA:60,3
DA:63,1
DA:64,3
DA:65,0
DA:69,0
DA:73,2
DA:77,2
DA:82,2
DA:84,0
DA:85,0
DA:86,0
DA:88,0
DA:90,0
DA:91,0
DA:92,0
DA:93,0
DA:95,0
DA:96,0
DA:99,2
DA:100,2
LF:34
LH:20
end_of_record
SF:lib/Controller/AssignmentController.dart
DA:18,1
DA:23,1
DA:24,1
DA:25,1
DA:26,1
DA:27,1
DA:31,3
DA:35,2
DA:36,1
DA:41,1
DA:45,1
DA:46,1
DA:47,1
DA:48,1
DA:52,3
DA:56,2
DA:57,1
DA:65,1
DA:70,1
DA:71,1
DA:75,3
DA:79,1
DA:80,1
DA:81,2
DA:82,1
DA:83,4
DA:85,1
DA:86,1
DA:87,1
DA:88,3
DA:90,2
DA:92,2
DA:93,1
DA:95,3
DA:96,1
DA:98,2
DA:100,2
DA:101,1
DA:102,3
DA:103,1
DA:108,1
DA:109,1
DA:110,4
DA:117,1
DA:122,1
DA:123,1
DA:124,1
DA:125,1
DA:129,3
DA:133,2
DA:134,1
LF:51
LH:51
end_of_record
SF:lib/Model/Assignment.dart
DA:10,2
DA:12,2
DA:16,1
DA:18,1
LF:4
LH:4
end_of_record
SF:lib/Model/Student.dart
DA:20,4
DA:24,2
DA:26,2
LF:3
LH:3
end_of_record
SF:lib/Model/Supervisor.dart
DA:17,4
DA:21,2
DA:23,2
LF:3
LH:3
end_of_record
SF:lib/Controller/AssignmentTypeController.dart
DA:11,2
DA:14,4
DA:21,4
DA:22,4
DA:23,6
DA:24,2
DA:25,8
DA:26,6
DA:27,4
LF:9
LH:9
end_of_record
SF:lib/Controller/DegreeController.dart
DA:13,3
DA:14,6
DA:23,6
DA:25,6
DA:26,2
DA:27,8
DA:28,6
DA:29,4
LF:8
LH:8
end_of_record
SF:lib/Model/DegreeType.dart
DA:10,2
DA:14,1
DA:16,1
LF:3
LH:3
end_of_record
SF:lib/Controller/ListController.dart
DA:19,1
DA:20,1
DA:27,1
DA:28,1
DA:32,2
DA:36,2
DA:37,1
DA:40,2
DA:42,1
DA:43,3
DA:44,1
DA:45,4
DA:46,3
DA:47,4
DA:48,5
DA:50,1
DA:66,1
DA:73,1
DA:74,2
DA:75,1
DA:79,3
DA:82,2
DA:83,1
DA:94,1
DA:102,1
DA:103,2
DA:104,1
DA:108,3
DA:111,2
DA:123,1
DA:130,1
DA:131,1
DA:133,2
DA:135,3
DA:139,2
LF:35
LH:35
end_of_record
SF:lib/Model/ListCard.dart
DA:16,2
DA:20,1
DA:22,1
LF:3
LH:3
end_of_record
SF:lib/Controller/Project_BoardController.dart
DA:16,1
DA:25,1
DA:26,3
DA:28,1
DA:29,3
DA:32,1
DA:33,1
DA:34,1
DA:37,1
DA:38,1
DA:39,1
DA:43,3
DA:46,2
DA:60,5
DA:61,5
DA:62,5
DA:63,5
DA:65,5
DA:66,5
DA:67,5
DA:68,5
DA:72,10
DA:76,10
DA:79,10
DA:84,10
DA:90,8
DA:91,12
DA:93,8
DA:94,12
DA:96,12
DA:98,4
DA:99,16
DA:100,12
DA:101,12
DA:102,12
DA:103,4
DA:106,1
DA:108,12
DA:109,4
DA:112,1
DA:114,8
DA:115,16
DA:119,8
DA:120,4
DA:122,8
DA:123,4
DA:126,44
DA:127,4
DA:128,8
DA:130,4
DA:133,0
DA:135,4
DA:136,3
DA:138,2
DA:139,1
DA:140,3
DA:143,1
DA:144,3
DA:150,4
DA:151,4
DA:159,5
DA:170,1
DA:176,1
DA:177,3
DA:184,1
DA:185,3
DA:192,1
DA:193,1
DA:194,1
DA:195,1
DA:201,3
DA:204,2
DA:209,1
DA:212,1
DA:217,1
DA:219,1
DA:223,3
DA:226,2
DA:231,1
DA:234,1
DA:240,1
DA:242,1
DA:244,1
DA:248,3
DA:251,2
DA:261,1
DA:269,1
DA:270,1
DA:274,3
DA:277,2
LF:90
LH:89
end_of_record
SF:lib/Model/Project_Board.dart
DA:25,4
DA:30,2
DA:32,2
LF:3
LH:3
end_of_record
SF:lib/View/Home.dart
DA:23,0
DA:24,6
DA:31,1
DA:33,1
DA:35,4
DA:37,2
DA:38,1
DA:39,3
DA:41,1
DA:42,3
DA:49,1
DA:52,2
DA:54,2
DA:56,2
DA:57,4
DA:61,5
DA:62,6
DA:73,2
DA:74,2
DA:92,1
DA:93,2
DA:95,1
DA:96,1
DA:97,1
DA:100,2
DA:101,2
DA:104,2
DA:105,5
DA:108,1
DA:109,2
DA:111,1
DA:112,1
DA:113,1
DA:116,2
DA:117,2
DA:120,2
DA:121,5
DA:124,1
DA:125,2
DA:126,2
DA:127,1
DA:128,1
DA:129,2
DA:130,1
DA:132,1
DA:133,2
DA:134,1
DA:135,1
DA:136,1
DA:137,1
DA:138,1
DA:139,1
DA:141,1
DA:142,1
DA:143,1
DA:144,1
DA:145,1
DA:146,1
DA:147,1
DA:148,1
DA:149,1
DA:150,1
DA:153,1
DA:154,1
DA:157,1
DA:158,1
DA:159,1
DA:160,1
DA:161,1
DA:163,1
DA:166,1
DA:167,1
DA:170,1
DA:171,1
DA:172,1
DA:175,1
DA:177,1
DA:179,1
DA:180,1
DA:183,1
DA:184,1
DA:185,1
DA:186,1
DA:187,1
DA:188,1
DA:190,1
DA:195,1
DA:196,1
DA:197,1
DA:201,1
DA:202,2
DA:204,2
DA:205,2
DA:206,3
DA:211,1
DA:214,1
DA:215,1
DA:217,1
DA:219,1
DA:221,1
DA:222,1
DA:227,1
DA:228,1
DA:229,1
DA:232,1
DA:234,1
DA:236,1
DA:237,1
DA:240,1
DA:241,1
DA:242,1
DA:243,1
DA:244,1
DA:245,1
DA:247,1
DA:254,1
DA:255,1
DA:256,1
DA:260,1
DA:261,2
DA:263,2
DA:264,2
DA:265,3
DA:270,1
DA:273,1
DA:274,1
DA:276,1
DA:278,1
DA:280,1
DA:281,1
DA:289,1
DA:290,1
DA:291,1
DA:293,1
DA:294,1
DA:295,3
DA:296,3
DA:297,0
DA:299,0
DA:300,0
DA:301,0
DA:302,0
DA:303,0
DA:304,0
DA:306,0
DA:307,0
DA:310,0
DA:311,0
DA:312,0
DA:314,0
DA:315,0
DA:317,0
DA:319,0
DA:320,0
DA:322,0
DA:325,0
DA:326,0
DA:328,0
DA:329,0
DA:330,0
DA:332,0
DA:333,0
DA:334,0
DA:336,0
DA:337,0
DA:349,1
DA:350,2
DA:351,2
DA:352,2
DA:354,1
DA:355,1
DA:356,1
DA:362,3
DA:363,1
DA:364,1
DA:365,1
DA:370,1
DA:376,2
DA:378,2
DA:380,4
DA:382,8
DA:385,2
DA:388,2
DA:391,2
DA:393,4
DA:394,3
DA:398,2
DA:401,2
DA:402,2
DA:403,1
DA:404,2
DA:408,2
DA:410,2
DA:414,2
DA:415,2
DA:419,2
DA:420,6
DA:421,2
DA:423,2
DA:426,2
DA:431,2
DA:435,2
DA:436,2
DA:437,2
DA:439,2
DA:446,2
DA:447,2
DA:448,2
DA:449,2
DA:451,2
DA:452,2
DA:453,2
DA:461,4
DA:463,8
DA:467,2
DA:468,4
DA:469,2
DA:470,2
DA:471,2
DA:473,2
DA:475,1
DA:477,1
DA:478,2
DA:480,4
DA:485,2
DA:486,2
DA:490,2
DA:492,2
DA:494,2
DA:495,2
DA:496,2
DA:497,2
DA:501,2
DA:502,2
DA:505,2
DA:506,2
DA:507,2
DA:508,2
DA:509,2
DA:510,1
DA:511,3
DA:513,1
DA:515,1
DA:518,0
DA:520,0
DA:522,0
DA:527,0
DA:531,2
DA:532,2
DA:533,2
DA:534,2
DA:535,2
DA:536,1
DA:537,1
DA:538,3
DA:539,2
DA:540,2
DA:541,1
DA:543,1
DA:549,2
DA:550,2
DA:551,2
DA:552,2
DA:553,2
DA:554,1
DA:555,1
DA:572,2
DA:574,0
DA:575,0
DA:578,1
DA:579,1
DA:584,1
DA:585,5
DA:586,5
DA:594,1
DA:595,7
DA:596,3
DA:598,1
DA:599,1
DA:600,2
DA:602,0
DA:603,0
DA:604,2
DA:606,0
DA:607,0
DA:611,1
DA:613,1
DA:616,1
DA:617,1
DA:619,1
DA:627,1
DA:628,1
DA:633,0
DA:634,0
DA:636,0
DA:637,0
DA:638,0
DA:640,0
DA:641,0
DA:646,0
DA:647,0
DA:650,0
DA:651,0
DA:653,0
DA:654,0
DA:655,0
DA:657,0
DA:658,0
DA:663,0
DA:664,0
DA:670,0
DA:671,0
DA:673,0
DA:674,0
DA:675,0
DA:676,0
DA:677,0
DA:680,0
DA:682,0
DA:685,0
DA:687,0
DA:688,0
DA:690,0
DA:692,0
DA:694,0
DA:696,0
DA:697,0
DA:702,0
DA:703,0
DA:704,0
DA:705,0
DA:707,0
DA:711,0
DA:713,0
DA:714,0
DA:718,0
DA:720,0
DA:721,0
DA:722,0
DA:732,0
DA:733,0
DA:734,0
DA:735,0
DA:737,0
DA:741,0
DA:743,0
DA:747,0
DA:749,0
DA:751,0
DA:752,0
DA:753,0
DA:754,0
DA:755,0
DA:757,0
DA:758,0
DA:760,0
DA:761,0
DA:763,0
DA:764,0
DA:765,0
DA:766,0
DA:767,0
DA:769,0
DA:772,0
DA:774,0
DA:775,0
DA:777,0
DA:778,0
DA:783,0
DA:785,0
DA:786,0
DA:787,0
DA:788,0
DA:789,0
DA:792,0
DA:795,0
DA:797,0
DA:798,0
DA:800,0
DA:801,0
DA:805,0
DA:806,0
DA:807,0
DA:810,0
DA:812,0
DA:814,0
DA:815,0
DA:818,0
DA:819,0
DA:820,0
DA:821,0
DA:822,0
DA:824,0
DA:826,0
DA:829,0
DA:835,0
DA:836,0
DA:837,0
DA:838,0
DA:839,0
DA:844,0
DA:847,0
DA:848,0
DA:850,0
DA:852,0
DA:854,0
DA:855,0
DA:860,0
DA:861,0
DA:862,0
DA:865,0
DA:867,0
DA:869,0
DA:870,0
DA:873,0
DA:874,0
DA:875,0
DA:876,0
DA:877,0
DA:879,0
DA:881,0
DA:882,0
DA:886,0
DA:892,0
DA:893,0
DA:894,0
DA:895,0
DA:896,0
DA:901,0
DA:904,0
DA:905,0
DA:907,0
DA:909,0
DA:911,0
DA:912,0
DA:920,0
DA:921,0
DA:923,0
DA:924,0
DA:927,0
DA:928,0
DA:930,0
DA:932,0
DA:934,0
DA:935,0
DA:936,0
DA:941,0
DA:944,0
DA:946,0
DA:947,0
DA:948,0
DA:949,0
DA:950,0
DA:952,0
DA:953,0
DA:955,0
DA:956,0
DA:957,0
DA:959,0
DA:962,0
DA:973,1
DA:974,2
DA:975,1
DA:976,1
DA:977,1
DA:978,1
DA:979,1
DA:981,1
DA:982,1
DA:983,1
DA:984,3
DA:985,2
DA:987,1
DA:988,1
DA:990,2
DA:992,2
DA:994,0
DA:995,0
DA:996,0
DA:999,0
DA:1000,0
DA:1002,0
DA:1003,0
DA:1005,0
DA:1007,0
DA:1009,0
DA:1010,0
DA:1016,0
DA:1017,0
DA:1018,0
DA:1019,0
DA:1020,0
DA:1021,0
DA:1022,0
DA:1024,0
DA:1025,0
DA:1026,0
DA:1027,0
DA:1029,0
DA:1030,0
DA:1031,0
DA:1032,0
DA:1033,0
DA:1035,0
DA:1036,0
DA:1038,0
DA:1042,0
DA:1044,0
DA:1045,0
DA:1046,0
DA:1049,0
DA:1050,0
DA:1052,0
DA:1053,0
DA:1055,0
DA:1056,0
DA:1058,0
DA:1060,0
DA:1061,0
DA:1067,0
LF:520
LH:269
end_of_record
SF:lib/Controller/StudentController.dart
DA:19,3
DA:24,3
DA:28,2
DA:30,2
DA:34,1
DA:36,1
DA:39,6
DA:41,6
DA:48,9
DA:49,9
DA:50,9
DA:51,12
DA:52,3
DA:53,9
DA:54,9
DA:55,12
DA:57,3
DA:65,2
DA:70,4
DA:74,4
DA:75,6
DA:77,2
DA:78,2
DA:80,4
DA:81,8
DA:84,8
DA:85,4
DA:86,2
DA:87,0
DA:89,6
DA:91,2
DA:92,0
DA:94,6
DA:97,0
DA:98,0
DA:112,1
DA:115,2
DA:120,3
DA:121,1
DA:131,1
DA:132,2
DA:133,2
DA:134,1
DA:135,1
DA:136,2
DA:137,2
DA:138,2
DA:142,3
DA:145,2
DA:147,2
DA:149,1
DA:151,3
DA:152,3
DA:153,3
DA:154,3
DA:155,3
DA:156,3
DA:157,3
DA:158,0
DA:160,0
DA:161,0
DA:169,4
DA:170,2
LF:63
LH:56
end_of_record
SF:lib/Controller/UserController.dart
DA:17,3
DA:18,6
DA:27,3
DA:28,6
DA:29,3
DA:30,3
DA:33,9
DA:36,6
DA:39,6
DA:40,6
DA:41,9
DA:42,9
DA:43,9
DA:53,3
DA:54,6
DA:62,3
DA:63,6
DA:64,3
DA:68,9
DA:69,6
DA:71,6
DA:82,1
DA:97,4
DA:99,2
DA:101,1
DA:102,1
DA:105,3
DA:109,6
DA:114,2
DA:116,4
DA:117,5
DA:121,1
DA:122,1
DA:124,2
DA:125,2
DA:126,3
DA:128,3
DA:130,3
DA:132,5
DA:137,0
DA:143,1
DA:152,1
DA:153,1
DA:164,2
DA:168,2
DA:169,1
DA:172,2
DA:178,1
DA:179,3
DA:181,1
DA:182,4
DA:183,3
DA:184,4
DA:185,1
DA:191,1
DA:201,1
DA:202,2
DA:203,2
DA:205,3
DA:206,5
DA:207,1
DA:219,1
DA:220,2
DA:221,1
DA:222,3
DA:223,5
DA:224,1
DA:239,1
DA:242,1
DA:243,1
DA:249,2
DA:251,1
DA:252,3
DA:254,2
DA:256,1
DA:258,1
DA:260,1
DA:262,1
DA:264,1
DA:267,2
DA:268,1
LF:81
LH:80
end_of_record
SF:lib/Model/User.dart
DA:27,2
DA:31,1
DA:33,1
LF:3
LH:3
end_of_record
SF:lib/Controller/StudentTypeController.dart
DA:15,3
DA:18,6
DA:27,6
DA:29,6
DA:30,2
DA:31,8
DA:32,6
DA:33,4
DA:37,1
LF:9
LH:9
end_of_record
SF:lib/Model/StudentType.dart
DA:10,2
DA:14,1
DA:16,1
LF:3
LH:3
end_of_record
SF:lib/Controller/SupervisorController.dart
DA:16,2
DA:19,2
DA:25,1
DA:27,1
DA:31,1
DA:33,1
DA:36,4
DA:37,4
DA:39,4
DA:41,4
DA:45,6
DA:46,6
DA:47,6
DA:48,6
DA:49,6
DA:51,2
DA:62,1
DA:66,2
DA:70,2
DA:72,1
DA:73,1
DA:74,1
DA:76,4
DA:78,1
DA:79,1
DA:81,0
DA:82,0
DA:84,0
DA:85,0
DA:104,1
DA:107,2
DA:112,3
DA:119,1
DA:129,1
DA:130,2
DA:131,2
DA:132,1
DA:133,1
DA:134,1
DA:138,3
DA:139,2
DA:142,2
DA:144,1
DA:146,0
DA:147,0
DA:151,1
DA:152,2
LF:47
LH:41
end_of_record
SF:lib/Controller/TaskController.dart
DA:17,1
DA:18,1
DA:19,1
DA:20,1
DA:21,1
DA:23,1
DA:24,4
DA:26,1
DA:27,4
DA:35,1
DA:37,1
DA:38,2
DA:39,1
DA:40,1
DA:41,1
DA:42,1
DA:43,2
DA:47,3
DA:50,2
DA:51,1
DA:65,2
DA:66,2
DA:72,2
DA:73,2
DA:77,4
DA:81,4
DA:82,2
DA:85,4
DA:90,2
DA:94,6
DA:95,2
DA:96,8
DA:97,6
DA:99,8
DA:100,4
DA:101,8
DA:104,6
DA:106,6
DA:107,8
DA:109,2
DA:110,6
DA:114,2
DA:127,1
DA:134,1
DA:135,1
DA:136,1
DA:137,0
DA:139,1
DA:140,4
DA:143,1
DA:144,2
DA:145,1
DA:146,2
DA:147,1
DA:148,1
DA:149,1
DA:150,1
DA:151,2
DA:156,3
DA:159,2
DA:170,1
DA:177,1
DA:178,1
DA:182,3
DA:186,2
LF:65
LH:64
end_of_record
SF:lib/Model/Task.dart
DA:23,2
DA:27,1
DA:29,1
LF:3
LH:3
end_of_record
SF:lib/Controller/TaskStatusController.dart
DA:13,2
DA:16,4
DA:17,2
DA:18,4
DA:22,4
DA:24,4
DA:25,6
DA:26,2
DA:27,8
DA:28,6
DA:29,4
LF:11
LH:11
end_of_record
SF:lib/Model/TaskStatus.dart
DA:11,6
DA:13,2
DA:17,1
DA:19,1
LF:4
LH:4
end_of_record
SF:lib/View/ArchivedBoards.dart
DA:19,3
DA:23,1
DA:25,1
DA:27,4
DA:28,2
DA:29,0
DA:30,0
DA:32,0
DA:34,0
DA:35,0
DA:37,0
DA:40,2
DA:41,2
DA:46,1
DA:47,2
DA:48,2
DA:49,2
DA:50,0
DA:54,0
DA:55,0
DA:56,0
DA:57,0
DA:58,0
DA:59,0
DA:69,0
DA:70,0
DA:87,0
DA:88,0
DA:89,0
DA:90,0
DA:92,0
DA:93,0
DA:94,0
DA:96,0
DA:97,0
DA:98,0
DA:100,0
DA:103,0
DA:109,0
DA:112,0
DA:114,0
DA:116,0
DA:117,0
DA:118,0
DA:124,0
DA:125,0
DA:127,0
DA:130,0
DA:135,0
DA:136,0
DA:137,0
DA:139,0
DA:141,0
DA:155,0
DA:156,0
DA:157,0
DA:158,0
DA:160,0
DA:162,0
DA:163,0
DA:165,0
DA:169,0
DA:172,0
DA:173,0
DA:174,0
DA:175,0
DA:179,0
DA:180,0
DA:183,0
DA:184,0
DA:185,0
DA:186,0
DA:187,0
DA:189,0
DA:190,0
DA:191,0
DA:195,0
DA:197,0
DA:198,0
DA:202,0
DA:203,0
DA:204,0
DA:205,0
DA:206,0
DA:207,0
DA:208,0
DA:209,0
DA:210,0
DA:211,0
DA:215,0
DA:216,0
DA:217,0
DA:218,0
DA:219,0
DA:220,0
DA:238,0
DA:240,0
DA:241,0
DA:244,0
DA:245,0
DA:253,0
DA:254,0
DA:255,0
DA:262,0
DA:263,0
DA:264,0
DA:266,0
DA:267,0
DA:269,0
DA:271,0
DA:272,0
DA:273,0
DA:275,0
DA:276,0
DA:279,0
DA:283,0
DA:284,0
DA:286,0
DA:293,0
DA:294,0
DA:297,0
DA:298,0
DA:300,0
DA:301,0
DA:302,0
DA:305,0
DA:307,0
DA:310,0
DA:312,0
DA:313,0
DA:315,0
DA:317,0
DA:319,0
DA:321,0
DA:322,0
DA:326,0
DA:329,0
DA:330,0
DA:331,0
DA:332,0
DA:333,0
DA:335,0
DA:337,0
DA:342,0
DA:344,0
DA:345,0
DA:346,0
DA:357,0
DA:358,0
DA:359,0
DA:360,0
DA:361,0
DA:362,0
DA:363,0
DA:364,0
DA:365,0
DA:371,0
DA:373,0
DA:375,0
DA:376,0
DA:378,0
DA:381,0
DA:383,0
DA:388,0
DA:389,0
DA:390,0
DA:392,0
DA:394,0
DA:396,0
DA:397,0
DA:398,0
DA:399,0
DA:400,0
DA:401,0
DA:402,0
DA:403,0
DA:404,0
DA:407,0
DA:408,0
DA:409,0
DA:410,0
DA:412,0
DA:413,0
DA:415,0
DA:418,0
DA:420,0
DA:426,0
DA:428,0
LF:188
LH:11
end_of_record
SF:lib/View/Board.dart
DA:29,1
DA:30,4
DA:37,3
DA:38,3
DA:48,2
DA:51,0
DA:52,0
DA:56,0
DA:57,0
DA:59,0
DA:60,0
DA:65,0
DA:66,0
DA:74,0
DA:76,0
DA:78,0
DA:79,0
DA:81,0
DA:82,0
DA:83,0
DA:84,0
DA:85,0
DA:86,0
DA:89,0
DA:90,0
DA:91,0
DA:92,0
DA:95,0
DA:97,0
DA:99,0
DA:101,0
DA:102,0
DA:109,0
DA:110,0
DA:112,0
DA:113,0
DA:114,0
DA:115,0
DA:116,0
DA:117,0
DA:120,0
DA:121,0
DA:122,0
DA:123,0
DA:126,0
DA:128,0
DA:130,0
DA:132,0
DA:133,0
DA:143,1
DA:144,1
DA:149,1
DA:150,4
DA:151,3
DA:153,0
DA:154,0
DA:155,0
DA:160,4
DA:161,5
DA:169,1
DA:170,1
DA:171,2
DA:172,3
DA:173,0
DA:174,0
DA:177,1
DA:178,1
DA:179,1
DA:180,1
DA:181,1
DA:182,1
DA:183,1
DA:186,1
DA:187,1
DA:189,1
DA:195,2
DA:196,3
DA:198,1
DA:199,1
DA:200,1
DA:201,1
DA:202,2
DA:203,2
DA:204,1
DA:205,1
DA:206,1
DA:208,1
DA:209,2
DA:211,1
DA:212,3
DA:213,3
DA:214,3
DA:215,2
DA:217,1
DA:218,1
DA:219,1
DA:220,1
DA:221,1
DA:229,1
DA:231,1
DA:232,2
DA:233,1
DA:234,1
DA:236,1
DA:237,1
DA:238,1
DA:248,0
DA:249,0
DA:250,0
DA:254,1
DA:256,2
DA:257,4
DA:259,2
DA:260,4
DA:262,0
DA:263,0
DA:264,0
DA:267,0
DA:269,0
DA:270,0
DA:271,0
DA:276,0
DA:277,0
DA:278,0
DA:279,0
DA:282,0
DA:289,1
DA:290,4
DA:291,8
DA:292,6
DA:295,0
DA:297,0
DA:298,0
DA:299,0
DA:302,0
DA:303,0
DA:304,0
DA:306,0
DA:307,0
DA:308,0
DA:309,0
DA:312,0
DA:320,1
DA:322,1
DA:323,1
DA:325,1
DA:352,0
DA:353,0
DA:355,0
DA:356,0
DA:357,0
DA:359,0
DA:360,0
DA:361,0
DA:362,0
DA:365,0
DA:366,0
DA:369,0
DA:370,0
DA:372,0
DA:373,0
DA:374,0
DA:376,0
DA:377,0
DA:378,0
DA:379,0
DA:382,0
DA:383,0
DA:394,0
DA:395,0
DA:397,0
DA:398,0
DA:399,0
DA:401,0
DA:403,0
DA:406,0
DA:408,0
DA:409,0
DA:411,0
DA:413,0
DA:415,0
DA:417,0
DA:420,0
DA:421,0
DA:422,0
DA:423,0
DA:424,0
DA:425,0
DA:427,0
DA:428,0
DA:431,0
DA:433,0
DA:434,0
DA:437,0
DA:438,0
DA:440,0
DA:441,0
DA:444,0
DA:446,0
DA:447,0
DA:453,0
DA:455,0
DA:456,0
DA:457,0
DA:466,0
DA:467,0
DA:468,0
DA:469,0
DA:470,0
DA:471,0
DA:473,0
DA:475,0
DA:476,0
DA:477,0
DA:479,0
DA:481,0
DA:482,0
DA:483,0
DA:485,0
DA:486,0
DA:487,0
DA:488,0
DA:489,0
DA:490,0
DA:491,0
DA:492,0
DA:494,0
DA:495,0
DA:497,0
DA:498,0
DA:499,0
DA:500,0
DA:501,0
DA:503,0
DA:506,0
DA:507,0
DA:508,0
DA:509,0
DA:510,0
DA:511,0
DA:515,0
DA:517,0
DA:518,0
DA:519,0
DA:520,0
DA:521,0
DA:522,0
DA:524,0
DA:527,0
DA:528,0
DA:529,0
DA:530,0
DA:531,0
DA:532,0
DA:536,0
DA:537,0
DA:538,0
DA:541,0
DA:543,0
DA:545,0
DA:546,0
DA:549,0
DA:550,0
DA:551,0
DA:552,0
DA:553,0
DA:554,0
DA:556,0
DA:558,0
DA:561,0
DA:562,0
DA:563,0
DA:567,0
DA:568,0
DA:569,0
DA:570,0
DA:572,0
DA:576,0
DA:579,0
DA:580,0
DA:582,0
DA:584,0
DA:586,0
DA:587,0
DA:592,0
DA:593,0
DA:594,0
DA:597,0
DA:599,0
DA:601,0
DA:602,0
DA:605,0
DA:606,0
DA:607,0
DA:608,0
DA:609,0
DA:611,0
DA:613,0
DA:614,0
DA:618,0
DA:619,0
DA:620,0
DA:624,0
DA:625,0
DA:626,0
DA:627,0
DA:628,0
DA:632,0
DA:635,0
DA:636,0
DA:638,0
DA:640,0
DA:642,0
DA:643,0
DA:651,0
DA:652,0
DA:654,0
DA:655,0
DA:658,0
DA:659,0
DA:661,0
DA:663,0
DA:665,0
DA:666,0
DA:669,0
DA:672,0
DA:674,0
DA:675,0
DA:676,0
DA:678,0
DA:679,0
DA:680,0
DA:681,0
DA:683,0
DA:684,0
DA:686,0
DA:687,0
DA:688,0
DA:689,0
DA:690,0
DA:693,0
DA:706,0
DA:707,0
DA:708,0
DA:710,0
DA:711,0
DA:712,0
DA:713,0
DA:714,0
DA:715,0
DA:716,0
DA:717,0
DA:720,0
DA:721,0
DA:723,0
DA:724,0
DA:726,0
DA:727,0
DA:728,0
DA:729,0
DA:730,0
DA:731,0
DA:732,0
DA:733,0
DA:734,0
DA:735,0
DA:736,0
DA:738,0
DA:740,0
DA:741,0
DA:742,0
DA:743,0
DA:744,0
DA:745,0
DA:746,0
DA:747,0
DA:749,0
DA:760,0
DA:763,0
DA:764,0
DA:766,0
DA:782,1
DA:783,2
DA:785,4
DA:788,0
DA:789,0
DA:790,0
DA:791,0
DA:793,0
DA:797,7
DA:800,3
DA:802,1
DA:803,1
DA:804,0
DA:806,0
DA:807,0
DA:808,0
DA:810,0
DA:811,0
DA:812,0
DA:814,0
DA:815,0
DA:816,0
DA:830,0
DA:831,0
DA:832,0
DA:833,0
DA:836,0
DA:837,0
DA:838,0
DA:844,0
DA:845,0
DA:846,0
DA:850,0
DA:851,0
DA:852,0
DA:853,0
DA:854,0
DA:855,0
DA:856,0
DA:858,0
DA:859,0
DA:860,0
DA:861,0
DA:863,0
DA:865,0
DA:868,0
DA:869,0
DA:873,0
DA:874,0
DA:875,0
DA:876,0
DA:877,0
DA:878,0
DA:879,0
DA:880,0
DA:881,0
DA:882,0
DA:883,0
DA:884,0
DA:885,0
DA:887,0
DA:888,0
DA:889,0
DA:890,0
DA:892,0
DA:894,0
DA:897,0
DA:901,0
DA:902,0
DA:903,0
DA:904,0
DA:906,0
DA:907,0
DA:908,0
DA:910,0
DA:911,0
DA:912,0
DA:913,0
DA:914,0
DA:916,0
DA:917,0
DA:918,0
DA:919,0
DA:921,0
DA:923,0
DA:926,0
DA:929,0
DA:930,0
DA:931,0
DA:932,0
DA:934,0
DA:935,0
DA:936,0
DA:937,0
DA:938,0
DA:940,0
DA:941,0
DA:942,0
DA:943,0
DA:945,0
DA:947,0
DA:951,0
DA:952,0
DA:956,0
DA:957,0
DA:958,0
DA:959,0
DA:960,0
DA:961,0
DA:963,0
DA:965,0
DA:966,0
DA:967,0
DA:968,0
DA:969,0
DA:970,0
DA:978,0
DA:980,1
DA:981,1
DA:982,1
DA:983,1
DA:984,0
DA:985,0
DA:987,0
DA:988,0
DA:989,0
DA:991,0
DA:995,0
DA:996,0
DA:999,0
DA:1000,0
DA:1001,0
DA:1002,0
DA:1003,0
DA:1004,0
DA:1005,0
DA:1020,0
DA:1021,0
DA:1023,0
DA:1024,0
DA:1026,0
DA:1027,0
DA:1029,0
DA:1032,0
DA:1033,0
DA:1034,0
DA:1035,0
DA:1036,0
DA:1044,0
DA:1046,0
DA:1048,0
DA:1049,0
DA:1051,0
DA:1052,0
DA:1053,0
DA:1054,0
DA:1057,0
DA:1058,0
DA:1059,0
DA:1060,0
DA:1061,0
DA:1069,0
DA:1071,0
DA:1073,0
DA:1074,0
DA:1075,0
DA:1076,0
DA:1077,0
DA:1078,0
DA:1080,0
DA:1081,0
DA:1082,0
DA:1083,0
DA:1084,0
DA:1087,0
DA:1088,0
DA:1090,0
DA:1091,0
DA:1093,0
DA:1095,0
DA:1096,0
DA:1098,0
DA:1101,0
DA:1102,0
DA:1103,0
DA:1106,0
DA:1108,0
DA:1111,0
DA:1112,0
DA:1113,0
DA:1114,0
DA:1115,0
DA:1116,0
DA:1118,0
DA:1119,0
DA:1120,0
DA:1121,0
DA:1122,0
DA:1123,0
DA:1124,0
DA:1126,0
DA:1127,0
DA:1131,0
DA:1132,0
DA:1133,0
DA:1134,0
DA:1135,0
DA:1136,0
DA:1139,0
DA:1140,0
DA:1141,0
DA:1142,0
DA:1143,0
DA:1144,0
DA:1146,0
DA:1148,0
DA:1149,0
DA:1150,0
DA:1151,0
DA:1153,0
DA:1157,0
DA:1158,0
DA:1159,0
DA:1161,0
DA:1162,0
DA:1170,0
DA:1172,0
DA:1174,0
DA:1175,0
DA:1176,0
DA:1177,0
DA:1179,0
DA:1182,0
DA:1183,0
DA:1185,0
DA:1186,0
DA:1187,0
DA:1188,0
DA:1189,0
DA:1190,0
DA:1191,0
DA:1192,0
DA:1194,0
DA:1195,0
DA:1196,0
DA:1198,0
DA:1199,0
DA:1200,0
DA:1201,0
DA:1203,0
DA:1204,0
DA:1208,0
DA:1209,0
DA:1210,0
DA:1211,0
DA:1212,0
DA:1214,0
DA:1215,0
DA:1216,0
DA:1217,0
DA:1218,0
DA:1219,0
DA:1221,0
DA:1222,0
DA:1223,0
DA:1224,0
DA:1226,0
DA:1230,0
DA:1231,0
DA:1232,0
DA:1234,0
DA:1235,0
DA:1244,0
DA:1250,0
DA:1251,0
DA:1253,0
DA:1254,0
DA:1255,0
DA:1264,0
DA:1267,0
DA:1269,0
DA:1270,0
DA:1271,0
DA:1272,0
DA:1273,0
DA:1274,0
DA:1275,0
DA:1278,0
DA:1279,0
DA:1280,0
DA:1281,0
DA:1283,0
DA:1285,0
DA:1286,0
DA:1287,0
DA:1288,0
DA:1290,0
DA:1292,0
DA:1294,0
DA:1296,0
DA:1299,0
DA:1301,0
DA:1302,0
DA:1304,0
DA:1305,0
DA:1308,0
DA:1309,0
DA:1310,0
DA:1311,0
DA:1318,0
DA:1319,0
DA:1320,0
DA:1322,0
DA:1323,0
DA:1327,0
DA:1329,0
DA:1335,0
DA:1336,0
DA:1344,0
DA:1346,0
DA:1351,0
DA:1352,0
DA:1354,0
DA:1355,0
DA:1356,0
DA:1357,0
DA:1360,0
DA:1363,0
DA:1364,0
DA:1365,0
DA:1367,0
DA:1370,0
DA:1374,0
DA:1376,0
DA:1377,0
DA:1378,0
DA:1379,0
DA:1380,0
DA:1385,0
DA:1386,0
DA:1387,0
DA:1388,0
DA:1389,0
DA:1395,0
DA:1397,0
DA:1398,0
DA:1399,0
DA:1401,0
DA:1402,0
DA:1403,0
DA:1405,0
DA:1409,0
DA:1422,1
DA:1424,1
DA:1425,1
DA:1426,0
DA:1427,0
DA:1428,0
DA:1429,0
DA:1433,1
DA:1435,1
DA:1439,1
DA:1440,1
DA:1444,1
DA:1445,1
DA:1446,1
DA:1447,1
DA:1449,1
DA:1450,1
DA:1452,1
DA:1453,1
DA:1460,1
DA:1461,3
DA:1462,1
DA:1465,1
DA:1469,1
DA:1470,1
DA:1471,4
DA:1473,1
DA:1475,1
DA:1487,1
DA:1488,3
DA:1489,1
DA:1492,1
DA:1496,1
DA:1497,1
DA:1498,4
DA:1500,1
DA:1502,1
DA:1516,1
DA:1517,1
DA:1520,1
DA:1521,1
DA:1524,1
DA:1526,0
DA:1530,1
DA:1531,1
DA:1537,1
DA:1538,1
DA:1539,1
DA:1540,1
DA:1541,0
DA:1542,4
DA:1543,0
DA:1544,1
DA:1545,1
DA:1547,1
DA:1550,2
DA:1552,2
DA:1554,0
DA:1555,0
DA:1559,4
DA:1560,0
DA:1561,1
DA:1563,1
DA:1566,2
DA:1568,2
DA:1570,0
DA:1571,0
DA:1572,0
DA:1573,0
DA:1577,4
DA:1578,0
DA:1579,0
DA:1583,0
DA:1584,0
DA:1585,0
DA:1586,0
DA:1587,0
DA:1588,0
DA:1592,0
DA:1594,0
DA:1598,0
DA:1600,0
DA:1601,0
DA:1603,0
DA:1605,0
DA:1606,0
DA:1611,1
DA:1612,1
DA:1616,1
DA:1617,0
DA:1618,0
DA:1619,0
DA:1620,0
DA:1621,0
DA:1623,0
DA:1624,0
DA:1626,0
DA:1627,0
DA:1629,0
DA:1630,0
DA:1631,0
DA:1632,0
DA:1633,0
DA:1639,4
DA:1640,1
DA:1643,2
DA:1644,0
DA:1645,5
DA:1646,10
DA:1648,2
DA:1650,0
DA:1652,0
DA:1654,2
DA:1703,0
DA:1707,0
DA:1708,0
DA:1709,0
DA:1710,0
DA:1711,0
DA:1712,0
DA:1713,0
DA:1714,0
DA:1715,0
DA:1716,0
DA:1723,0
DA:1724,0
DA:1725,0
DA:1726,0
DA:1727,0
DA:1728,0
DA:1737,0
DA:1738,0
DA:1739,0
DA:1740,0
DA:1741,0
DA:1742,0
DA:1744,0
DA:1745,0
DA:1750,0
DA:1751,0
DA:1757,0
DA:1758,0
DA:1760,0
DA:1761,0
DA:1763,0
DA:1765,0
DA:1766,0
DA:1767,0
DA:1769,0
DA:1770,0
DA:1771,0
DA:1773,0
DA:1774,0
DA:1775,0
DA:1777,0
DA:1778,0
DA:1783,0
DA:1785,0
DA:1786,0
DA:1787,0
DA:1801,0
DA:1803,0
DA:1804,0
DA:1805,0
DA:1806,0
DA:1808,0
DA:1809,0
DA:1810,0
DA:1821,0
DA:1822,0
DA:1823,0
DA:1827,0
DA:1828,0
DA:1829,0
DA:1831,0
DA:1833,0
DA:1836,0
DA:1837,0
DA:1838,0
DA:1839,0
DA:1843,0
DA:1849,0
DA:1853,0
DA:1863,0
DA:1864,0
DA:1865,0
DA:1867,0
DA:1868,0
DA:1869,0
DA:1870,0
DA:1871,0
DA:1872,0
DA:1880,0
DA:1881,0
DA:1882,0
DA:1883,0
DA:1884,0
DA:1885,0
DA:1895,0
DA:1896,0
DA:1897,0
DA:1904,0
DA:1905,0
DA:1906,0
DA:1908,0
DA:1909,0
DA:1910,0
DA:1911,0
DA:1912,0
DA:1913,0
DA:1914,0
DA:1915,0
DA:1916,0
DA:1923,0
DA:1924,0
DA:1925,0
DA:1926,0
DA:1927,0
DA:1928,0
DA:1929,0
DA:1930,0
DA:1931,0
DA:1940,0
DA:1942,0
DA:1946,0
DA:1947,0
DA:1949,0
DA:1952,0
DA:1953,0
DA:1955,0
DA:1956,0
DA:1958,0
DA:1959,0
DA:1960,0
DA:1963,0
DA:1968,0
DA:1970,0
DA:1977,0
DA:1978,0
DA:1980,0
DA:1981,0
DA:1982,0
DA:1985,0
DA:1987,0
DA:1990,0
DA:1992,0
DA:1993,0
DA:1995,0
DA:1997,0
DA:1999,0
DA:2000,0
DA:2002,0
DA:2004,0
DA:2005,0
DA:2008,0
DA:2010,0
DA:2011,0
DA:2012,0
DA:2028,0
DA:2031,0
DA:2032,0
DA:2034,0
DA:2035,0
DA:2036,0
DA:2037,0
DA:2038,0
DA:2042,0
DA:2043,0
DA:2044,0
DA:2045,0
DA:2047,0
DA:2048,0
DA:2049,0
DA:2050,0
DA:2052,0
DA:2053,0
DA:2054,0
DA:2057,0
DA:2058,0
DA:2059,0
DA:2064,0
DA:2066,0
DA:2067,0
DA:2068,0
DA:2069,0
DA:2071,0
DA:2072,0
DA:2073,0
DA:2074,0
DA:2076,0
DA:2077,0
DA:2078,0
DA:2081,0
DA:2082,0
DA:2083,0
DA:2089,0
DA:2091,0
DA:2092,0
DA:2093,0
DA:2094,0
DA:2095,0
DA:2096,0
DA:2098,0
DA:2099,0
DA:2100,0
DA:2101,0
DA:2102,0
DA:2104,0
DA:2105,0
DA:2106,0
DA:2107,0
DA:2108,0
DA:2109,0
DA:2110,0
DA:2112,0
DA:2113,0
DA:2115,0
DA:2117,0
DA:2118,0
DA:2120,0
DA:2122,0
DA:2123,0
DA:2124,0
DA:2127,0
DA:2128,0
DA:2132,0
DA:2133,0
DA:2136,0
DA:2138,0
DA:2140,0
DA:2145,0
DA:2146,0
DA:2148,0
DA:2152,0
DA:2153,0
DA:2156,0
DA:2157,0
DA:2160,0
DA:2162,0
DA:2164,0
DA:2170,0
DA:2171,0
DA:2172,0
DA:2173,0
DA:2174,0
DA:2175,0
DA:2176,0
DA:2181,0
DA:2184,0
DA:2185,0
DA:2189,0
DA:2190,0
DA:2191,0
DA:2192,0
DA:2193,0
DA:2195,0
DA:2196,0
DA:2206,0
DA:2211,0
DA:2212,0
DA:2213,0
DA:2214,0
DA:2215,0
DA:2218,0
DA:2220,0
DA:2221,0
DA:2223,0
DA:2226,0
DA:2227,0
DA:2228,0
DA:2229,0
DA:2230,0
DA:2232,0
DA:2234,0
DA:2237,0
DA:2243,0
DA:2245,0
DA:2246,0
DA:2247,0
DA:2249,0
DA:2250,0
DA:2255,0
DA:2258,0
DA:2259,0
DA:2261,0
DA:2263,0
DA:2265,0
DA:2267,0
DA:2278,0
DA:2279,0
DA:2280,0
DA:2282,0
DA:2283,0
DA:2284,0
DA:2285,0
DA:2286,0
DA:2287,0
DA:2288,0
DA:2289,0
DA:2292,0
DA:2293,0
DA:2295,0
DA:2300,0
DA:2301,0
DA:2303,0
DA:2305,0
DA:2306,0
DA:2307,0
DA:2309,0
DA:2310,0
DA:2311,0
DA:2312,0
DA:2313,0
DA:2317,0
DA:2319,0
DA:2320,0
DA:2322,0
DA:2323,0
DA:2326,0
DA:2328,0
DA:2330,0
DA:2332,0
DA:2333,0
DA:2334,0
DA:2336,0
DA:2338,0
DA:2339,0
DA:2341,0
DA:2345,0
DA:2348,0
DA:2350,0
DA:2351,0
DA:2354,0
DA:2355,0
DA:2356,0
DA:2358,0
DA:2359,0
DA:2362,0
DA:2363,0
DA:2364,0
DA:2367,0
DA:2368,0
DA:2369,0
DA:2370,0
DA:2371,0
DA:2373,0
DA:2385,0
DA:2386,0
DA:2387,0
DA:2389,0
DA:2391,0
DA:2392,0
DA:2393,0
DA:2394,0
DA:2396,0
DA:2398,0
DA:2399,0
DA:2400,0
DA:2402,0
DA:2403,0
DA:2407,0
DA:2408,0
DA:2411,0
DA:2412,0
DA:2414,0
DA:2415,0
DA:2416,0
DA:2417,0
DA:2418,0
DA:2420,0
DA:2429,0
DA:2430,0
DA:2432,0
DA:2433,0
DA:2434,0
DA:2437,0
DA:2439,0
DA:2442,0
DA:2444,0
DA:2445,0
DA:2447,0
DA:2449,0
DA:2451,0
DA:2452,0
DA:2453,0
DA:2454,0
DA:2457,0
DA:2459,0
DA:2460,0
DA:2461,0
DA:2469,0
DA:2471,0
DA:2472,0
DA:2475,0
DA:2477,0
DA:2478,0
DA:2479,0
DA:2481,0
DA:2483,0
DA:2484,0
DA:2487,0
DA:2488,0
DA:2489,0
DA:2490,0
DA:2494,0
DA:2496,0
DA:2504,0
DA:2506,0
DA:2508,0
DA:2509,0
DA:2510,0
DA:2511,0
DA:2512,0
DA:2513,0
DA:2515,0
DA:2516,0
DA:2519,0
DA:2520,0
DA:2521,0
DA:2523,0
DA:2524,0
DA:2526,0
DA:2527,0
DA:2528,0
DA:2536,0
DA:2538,0
DA:2539,0
DA:2540,0
DA:2541,0
DA:2542,0
DA:2544,0
DA:2546,0
DA:2547,0
DA:2549,0
DA:2550,0
DA:2551,0
DA:2552,0
DA:2553,0
DA:2554,0
DA:2555,0
DA:2556,0
DA:2559,0
DA:2560,0
DA:2561,0
DA:2562,0
DA:2563,0
DA:2564,0
DA:2565,0
DA:2567,0
DA:2570,0
DA:2571,0
DA:2572,0
DA:2573,0
DA:2574,0
DA:2575,0
DA:2576,0
DA:2579,0
DA:2580,0
DA:2581,0
DA:2582,0
DA:2583,0
DA:2584,0
DA:2585,0
DA:2587,0
DA:2591,0
DA:2592,0
DA:2593,0
DA:2594,0
DA:2595,0
DA:2596,0
DA:2597,0
DA:2598,0
DA:2600,0
DA:2601,0
DA:2602,0
DA:2603,0
DA:2604,0
DA:2606,0
DA:2607,0
DA:2608,0
DA:2609,0
DA:2610,0
DA:2611,0
DA:2613,0
DA:2616,0
DA:2618,0
DA:2619,0
DA:2620,0
DA:2621,0
DA:2622,0
DA:2624,0
DA:2627,0
DA:2629,0
DA:2630,0
DA:2632,0
DA:2633,0
DA:2634,0
DA:2635,0
DA:2636,0
DA:2638,0
DA:2639,0
DA:2640,0
DA:2641,0
DA:2642,0
DA:2644,0
DA:2646,0
DA:2647,0
DA:2648,0
DA:2649,0
DA:2650,0
DA:2652,0
DA:2654,0
DA:2659,0
DA:2661,0
DA:2663,0
DA:2664,0
DA:2678,0
DA:2680,0
DA:2681,0
DA:2688,0
DA:2689,0
DA:2691,0
DA:2692,0
DA:2693,0
DA:2694,0
DA:2695,0
DA:2696,0
DA:2697,0
DA:2698,0
DA:2700,0
DA:2702,0
DA:2704,0
DA:2710,0
DA:2711,0
DA:2712,0
DA:2713,0
DA:2715,0
DA:2716,0
DA:2718,0
DA:2721,0
DA:2722,0
DA:2725,0
DA:2727,0
DA:2728,0
DA:2729,0
DA:2730,0
DA:2731,0
DA:2732,0
DA:2734,0
DA:2735,0
DA:2736,0
DA:2738,0
DA:2741,0
DA:2747,0
LF:1387
LH:147
end_of_record
SF:lib/View/profile/student/ViewStudentProfile.dart
DA:12,1
DA:17,1
DA:18,1
DA:19,1
DA:20,1
DA:21,1
DA:22,1
DA:23,1
DA:24,1
DA:25,2
DA:26,1
DA:27,1
DA:28,1
DA:29,2
DA:30,1
DA:31,1
DA:32,1
DA:33,2
DA:36,1
DA:38,1
DA:43,1
DA:49,1
DA:51,1
DA:52,1
DA:54,3
DA:55,1
DA:57,1
DA:60,1
DA:61,1
DA:62,1
DA:64,1
DA:65,1
DA:68,1
DA:69,1
DA:70,1
DA:71,1
DA:75,1
DA:76,1
DA:77,1
DA:78,1
DA:89,1
DA:92,8
DA:94,1
DA:97,1
DA:99,4
DA:101,1
DA:103,1
DA:105,4
DA:107,1
DA:109,1
DA:111,7
DA:112,1
DA:113,1
DA:116,1
DA:118,5
DA:120,1
DA:122,1
DA:124,7
DA:125,1
DA:127,1
DA:140,1
DA:151,1
DA:152,1
DA:154,1
DA:161,1
DA:162,1
DA:168,1
DA:171,1
DA:172,3
LF:69
LH:69
end_of_record
SF:lib/View/profile/supervisor/ViewSupProfile.dart
DA:7,1
DA:9,1
DA:11,1
DA:15,1
DA:20,1
DA:21,1
DA:22,1
DA:25,1
DA:26,1
DA:27,1
DA:29,1
DA:30,1
DA:33,1
DA:34,1
DA:35,1
DA:36,1
DA:40,1
DA:41,1
DA:42,1
DA:43,1
DA:54,1
DA:55,1
DA:56,3
DA:57,1
DA:58,3
DA:61,1
DA:63,1
DA:64,4
DA:66,1
DA:68,1
DA:69,4
DA:71,1
DA:73,1
DA:74,4
DA:76,1
DA:85,2
DA:94,1
DA:95,1
DA:102,0
DA:110,1
DA:113,2
DA:155,1
DA:156,1
DA:157,3
LF:44
LH:43
end_of_record
SF:lib/View/Login.dart
DA:13,5
DA:14,5
DA:28,0
DA:29,0
DA:30,0
DA:38,5
DA:43,5
DA:44,0
DA:45,0
DA:47,0
DA:51,0
DA:53,0
DA:55,0
DA:56,0
DA:57,0
DA:58,0
DA:60,0
DA:61,0
DA:66,0
DA:68,0
DA:75,5
DA:77,5
DA:78,5
DA:79,0
DA:80,0
DA:82,5
DA:83,5
DA:90,5
DA:91,0
DA:92,0
DA:94,0
DA:98,0
DA:100,0
DA:101,0
DA:104,0
DA:105,0
DA:110,0
DA:111,0
DA:112,0
DA:115,0
DA:118,0
DA:120,0
DA:127,5
DA:128,5
DA:131,0
DA:132,0
DA:137,5
DA:138,5
DA:139,5
DA:142,10
DA:145,5
DA:146,0
DA:147,0
DA:149,0
DA:153,0
DA:155,0
DA:156,0
DA:157,0
DA:158,0
DA:159,0
DA:160,0
DA:162,0
DA:164,0
DA:165,0
DA:167,0
DA:169,0
DA:170,0
DA:171,0
DA:175,0
DA:177,0
DA:184,5
DA:185,5
DA:186,5
DA:187,0
DA:188,5
DA:189,5
DA:191,5
DA:193,5
DA:194,5
DA:196,5
DA:198,10
DA:199,5
DA:200,5
DA:207,5
DA:208,0
DA:209,0
DA:211,0
DA:215,0
DA:217,0
DA:219,0
DA:220,0
DA:221,0
DA:222,0
DA:223,0
DA:224,0
DA:225,0
DA:226,0
DA:229,0
DA:230,0
DA:231,0
DA:232,0
DA:234,0
DA:235,0
DA:236,0
DA:238,0
DA:239,0
DA:240,0
DA:241,0
DA:243,0
DA:246,0
DA:247,0
DA:248,0
DA:253,0
DA:256,0
DA:257,0
DA:259,0
DA:265,0
DA:267,0
DA:274,5
DA:276,5
DA:277,5
DA:278,5
DA:279,15
DA:280,5
DA:281,0
DA:283,0
DA:284,0
DA:285,0
DA:287,0
DA:288,0
DA:289,0
DA:291,0
DA:292,0
DA:293,0
DA:295,0
DA:296,0
DA:297,0
DA:298,0
DA:300,0
DA:304,0
DA:305,0
DA:306,0
DA:312,5
DA:313,5
DA:315,10
DA:324,5
DA:325,0
DA:326,0
DA:328,0
DA:332,0
DA:334,0
DA:336,0
DA:337,0
DA:338,0
DA:339,0
DA:340,0
DA:341,0
DA:342,0
DA:344,0
DA:347,0
DA:348,0
DA:350,0
DA:355,0
DA:357,0
DA:364,5
DA:366,5
DA:367,5
DA:368,5
DA:369,15
DA:370,5
DA:371,0
DA:372,0
DA:374,0
DA:377,5
DA:378,5
DA:380,10
DA:387,5
DA:388,5
DA:389,0
DA:390,0
DA:392,0
DA:396,0
DA:398,0
DA:399,0
DA:400,0
DA:401,0
DA:402,0
DA:405,0
DA:406,0
DA:407,0
DA:408,0
DA:413,0
DA:414,0
DA:415,0
DA:416,0
DA:417,0
DA:422,0
DA:429,0
DA:431,0
DA:437,5
DA:438,5
DA:439,5
DA:440,5
DA:441,5
DA:444,5
DA:445,5
DA:446,5
DA:447,5
DA:452,5
DA:453,5
DA:454,5
DA:455,5
DA:456,5
DA:461,5
DA:469,5
DA:470,5
DA:471,5
DA:474,15
DA:475,15
DA:476,5
DA:478,5
DA:479,5
DA:480,5
DA:481,5
DA:485,5
DA:486,5
DA:490,5
DA:494,5
DA:501,5
DA:509,5
DA:510,5
DA:511,5
DA:512,5
DA:513,5
DA:515,5
DA:518,5
DA:519,5
DA:523,5
DA:526,5
DA:527,5
DA:528,5
LF:241
LH:93
end_of_record
SF:lib/View/register/StudentSuperVisorRegister.dart
DA:6,6
DA:17,3
DA:18,3
DA:24,3
DA:26,3
DA:28,3
DA:29,3
DA:30,3
DA:31,9
DA:32,3
DA:33,0
DA:34,0
DA:36,3
DA:38,6
DA:45,3
DA:47,3
DA:48,3
DA:49,3
DA:50,9
DA:51,3
DA:52,0
DA:56,0
DA:58,0
DA:61,3
DA:63,6
DA:68,3
DA:69,3
DA:70,3
DA:71,3
DA:72,3
DA:73,3
DA:76,3
DA:77,3
DA:78,3
DA:79,3
DA:84,3
DA:85,3
DA:86,3
DA:87,3
DA:88,3
DA:93,3
DA:101,3
DA:102,3
DA:103,3
DA:104,3
DA:105,3
DA:107,9
DA:108,3
DA:110,3
DA:114,3
DA:116,3
DA:118,3
DA:122,6
DA:124,3
DA:128,3
DA:133,3
LF:56
LH:51
end_of_record
SF:lib/user.dart
DA:12,1
DA:26,2
DA:29,1
DA:30,1
DA:34,2
DA:37,1
DA:38,1
DA:42,2
DA:45,1
DA:46,1
DA:50,2
DA:53,1
DA:54,1
DA:58,2
DA:61,1
DA:62,1
LF:16
LH:16
end_of_record
SF:lib/View/register/StudentRegister.dart
DA:18,1
DA:19,1
DA:20,3
DA:21,3
DA:22,5
DA:25,1
DA:26,1
DA:31,1
DA:32,3
DA:34,3
DA:35,1
DA:36,1
DA:37,1
DA:38,2
DA:39,1
DA:40,1
DA:41,1
DA:42,2
DA:47,3
DA:48,3
DA:51,1
DA:52,2
DA:53,4
DA:54,2
DA:63,0
DA:64,0
DA:66,0
DA:67,0
DA:68,0
DA:71,0
DA:72,0
DA:73,0
DA:76,0
DA:77,0
DA:89,1
DA:92,1
DA:96,1
DA:97,1
DA:98,2
DA:99,1
DA:100,1
DA:102,1
DA:103,1
DA:104,1
DA:113,0
DA:114,0
DA:115,0
DA:119,1
DA:121,1
DA:122,2
DA:123,1
DA:124,1
DA:126,1
DA:127,1
DA:128,1
DA:138,0
DA:139,0
DA:140,0
DA:191,0
DA:193,0
DA:194,0
DA:197,0
DA:198,0
DA:199,0
DA:200,0
DA:203,0
DA:204,0
DA:205,0
DA:206,0
DA:207,0
DA:208,0
DA:209,0
DA:214,0
DA:216,0
DA:218,0
DA:222,0
DA:226,0
DA:227,0
DA:230,0
DA:235,0
DA:236,0
DA:239,0
DA:240,0
DA:241,0
DA:246,0
DA:247,0
DA:248,0
DA:249,0
DA:250,0
DA:251,0
DA:252,0
DA:253,0
DA:254,0
DA:256,0
DA:257,0
DA:259,0
DA:260,0
DA:262,0
DA:274,0
DA:275,0
DA:276,0
DA:282,0
DA:283,0
DA:284,0
DA:289,0
DA:294,1
DA:295,1
DA:297,0
DA:298,0
DA:299,0
DA:301,1
DA:302,1
DA:307,2
DA:311,0
DA:312,0
DA:314,0
DA:315,0
DA:316,0
DA:318,0
DA:319,0
DA:320,0
DA:322,0
DA:323,0
DA:325,1
DA:326,1
DA:328,0
DA:329,0
DA:330,0
DA:332,1
DA:333,1
DA:334,1
DA:336,1
DA:337,1
DA:341,0
DA:342,0
DA:344,0
DA:345,0
DA:346,0
DA:348,0
DA:349,0
DA:350,0
DA:352,0
DA:353,0
DA:355,1
DA:356,1
DA:358,0
DA:359,0
DA:360,0
DA:362,1
DA:363,1
DA:364,1
DA:366,1
DA:367,1
DA:371,0
DA:372,0
DA:374,0
DA:375,0
DA:378,0
DA:383,0
DA:384,0
DA:386,0
DA:387,0
DA:388,0
DA:390,0
DA:391,0
DA:393,1
DA:394,1
DA:396,0
DA:397,0
DA:400,0
DA:405,0
DA:406,0
DA:408,1
DA:409,1
DA:410,1
DA:412,1
DA:413,1
DA:417,0
DA:418,0
DA:419,0
DA:420,0
DA:421,0
DA:423,0
DA:426,0
DA:427,0
DA:430,0
DA:431,0
DA:432,0
DA:433,0
DA:434,0
DA:447,1
DA:448,1
DA:449,1
DA:450,1
DA:451,1
DA:453,2
DA:456,1
DA:457,1
DA:460,1
DA:461,1
DA:462,1
DA:463,1
DA:464,1
DA:479,0
DA:480,0
DA:481,0
DA:482,0
DA:483,0
DA:485,0
DA:488,0
DA:489,0
DA:492,0
DA:493,0
DA:494,0
DA:495,0
DA:496,0
DA:509,1
DA:510,1
DA:511,1
DA:512,1
DA:513,1
DA:515,2
DA:518,1
DA:519,1
DA:522,1
DA:523,1
DA:524,1
DA:525,1
DA:526,1
DA:540,4
DA:586,0
DA:587,0
DA:588,0
DA:591,0
DA:593,0
DA:594,0
DA:595,0
DA:598,0
DA:599,0
DA:600,0
DA:601,0
DA:602,0
DA:604,0
DA:606,0
DA:607,0
DA:611,0
DA:612,0
DA:613,0
DA:618,0
DA:621,0
DA:622,0
DA:623,0
DA:625,0
DA:627,0
DA:632,1
DA:633,1
DA:634,1
DA:637,1
DA:639,1
DA:640,1
DA:641,1
DA:644,1
DA:645,1
DA:646,1
DA:647,1
DA:649,1
DA:651,0
DA:652,0
DA:656,1
DA:657,1
DA:658,1
DA:663,1
DA:666,1
DA:667,1
DA:668,1
DA:670,1
DA:672,2
DA:679,0
DA:680,0
DA:681,0
DA:682,0
DA:683,0
DA:684,0
DA:685,0
DA:687,0
DA:688,0
DA:689,0
DA:690,0
DA:691,0
DA:692,0
DA:693,0
DA:694,0
DA:696,0
DA:697,0
DA:699,1
DA:700,1
DA:701,1
DA:702,0
DA:703,0
DA:704,0
DA:705,0
DA:707,1
DA:708,1
DA:709,1
DA:710,1
DA:711,1
DA:712,0
DA:713,1
DA:714,1
DA:716,1
DA:717,1
DA:721,0
DA:722,0
DA:723,0
DA:724,0
DA:727,0
DA:732,0
DA:733,0
DA:734,0
DA:736,0
DA:737,0
DA:738,0
DA:739,0
DA:740,0
DA:741,0
DA:742,0
DA:743,0
DA:745,0
DA:746,0
DA:748,1
DA:749,1
DA:750,0
DA:751,0
DA:754,0
DA:759,1
DA:760,0
DA:761,0
DA:763,1
DA:764,1
DA:765,1
DA:766,1
DA:767,1
DA:768,0
DA:769,1
DA:770,1
DA:772,1
DA:773,1
DA:777,0
DA:778,0
DA:779,0
DA:780,0
DA:782,0
DA:784,0
DA:786,0
DA:787,0
DA:788,0
DA:789,0
DA:790,0
DA:791,0
DA:792,0
DA:793,0
DA:794,0
DA:795,0
DA:797,0
DA:798,0
DA:799,0
DA:800,0
DA:802,0
DA:803,0
DA:804,0
DA:805,0
DA:806,0
DA:807,0
DA:809,0
DA:817,0
DA:821,0
DA:823,0
DA:828,0
DA:829,0
DA:832,1
DA:834,1
DA:835,1
DA:836,1
DA:837,3
DA:838,1
DA:839,0
DA:840,0
DA:841,0
DA:842,0
DA:844,0
DA:845,0
DA:846,0
DA:847,0
DA:849,0
DA:850,0
DA:851,0
DA:852,0
DA:853,0
DA:854,0
DA:856,0
DA:864,0
DA:868,1
DA:870,2
DA:875,1
DA:876,1
DA:877,1
DA:878,1
DA:879,1
DA:880,1
DA:883,1
DA:884,1
DA:885,1
DA:886,1
DA:891,1
DA:892,1
DA:893,1
DA:894,1
DA:895,1
DA:900,1
DA:908,0
DA:909,0
DA:910,0
DA:911,0
DA:913,0
DA:915,0
DA:916,0
DA:917,0
DA:918,0
DA:919,0
DA:920,0
DA:922,0
DA:924,0
DA:927,0
DA:929,0
DA:934,0
DA:937,1
DA:939,1
DA:940,1
DA:941,1
DA:942,3
DA:943,1
DA:944,0
DA:946,0
DA:948,0
DA:951,1
DA:953,2
DA:958,1
DA:959,1
DA:960,1
DA:962,3
DA:963,3
DA:965,1
DA:967,1
DA:968,1
DA:969,1
DA:970,1
DA:973,1
DA:974,1
DA:978,1
DA:982,0
DA:985,0
DA:986,0
DA:987,0
DA:989,0
DA:990,0
DA:991,0
DA:993,0
DA:995,0
DA:998,0
DA:1000,0
DA:1002,0
DA:1005,0
DA:1007,0
DA:1009,0
DA:1012,0
DA:1014,0
DA:1016,0
DA:1019,0
DA:1021,0
DA:1023,0
DA:1028,0
DA:1029,0
DA:1033,0
DA:1034,0
DA:1035,0
DA:1036,0
DA:1040,0
DA:1043,0
DA:1044,0
DA:1046,0
DA:1049,0
DA:1050,0
DA:1052,0
DA:1055,0
DA:1056,0
DA:1059,0
DA:1060,0
DA:1065,1
DA:1068,1
DA:1070,2
DA:1071,1
DA:1073,4
DA:1075,1
DA:1078,1
DA:1080,4
DA:1082,1
DA:1085,1
DA:1087,4
DA:1089,1
DA:1092,1
DA:1094,4
DA:1096,1
DA:1099,1
DA:1101,4
DA:1103,1
DA:1107,2
DA:1108,1
DA:1112,2
DA:1113,1
DA:1114,4
DA:1118,1
DA:1121,1
DA:1122,4
DA:1124,1
DA:1127,1
DA:1128,4
DA:1130,1
DA:1133,1
DA:1134,4
DA:1141,1
DA:1142,1
DA:1143,1
DA:1144,1
DA:1145,1
DA:1146,1
LF:535
LH:223
end_of_record
SF:lib/View/register/SupervisorRegister.dart
DA:13,2
DA:14,2
DA:44,0
DA:45,0
DA:48,0
DA:49,0
DA:54,0
DA:55,0
DA:56,0
DA:57,0
DA:58,0
DA:59,0
DA:60,0
DA:61,0
DA:63,0
DA:68,0
DA:69,0
DA:70,0
DA:71,0
DA:72,0
DA:73,0
DA:74,0
DA:75,0
DA:80,0
DA:81,0
DA:82,0
DA:83,0
DA:84,0
DA:85,0
DA:86,0
DA:87,0
DA:88,0
DA:89,0
DA:92,0
DA:93,0
DA:95,0
DA:96,0
DA:98,0
DA:110,0
DA:111,0
DA:112,0
DA:118,0
DA:119,0
DA:120,0
DA:125,2
DA:127,2
DA:128,2
DA:130,0
DA:131,0
DA:132,0
DA:134,2
DA:135,2
DA:136,2
DA:139,4
DA:142,2
DA:144,2
DA:145,0
DA:146,0
DA:147,0
DA:149,2
DA:150,2
DA:151,2
DA:154,4
DA:157,2
DA:158,2
DA:160,2
DA:161,0
DA:162,0
DA:163,0
DA:165,2
DA:166,2
DA:169,4
DA:172,2
DA:173,2
DA:175,2
DA:176,0
DA:177,0
DA:180,0
DA:185,0
DA:186,0
DA:188,2
DA:189,2
DA:192,4
DA:195,2
DA:196,2
DA:198,2
DA:199,2
DA:200,2
DA:203,4
DA:206,2
DA:207,2
DA:208,0
DA:209,0
DA:210,0
DA:211,0
DA:213,2
DA:214,2
DA:215,2
DA:216,8
DA:217,2
DA:220,4
DA:223,2
DA:224,2
DA:225,2
DA:226,2
DA:227,0
DA:229,0
DA:232,0
DA:238,2
DA:239,8
DA:240,2
DA:243,4
DA:246,0
DA:247,0
DA:248,0
DA:249,0
DA:251,0
DA:252,0
DA:254,0
DA:255,0
DA:256,0
DA:257,0
DA:258,0
DA:259,0
DA:260,0
DA:261,0
DA:265,0
DA:267,0
DA:272,0
DA:273,0
DA:277,2
DA:279,2
DA:280,2
DA:281,2
DA:282,6
DA:283,2
DA:284,0
DA:285,0
DA:286,0
DA:290,2
DA:292,4
DA:297,0
DA:298,0
DA:299,0
DA:300,0
DA:302,0
DA:303,0
DA:305,0
DA:306,0
DA:307,0
DA:308,0
DA:309,0
DA:310,0
DA:312,0
DA:314,0
DA:317,0
DA:319,0
DA:324,0
DA:325,0
DA:329,2
DA:331,2
DA:332,2
DA:333,2
DA:334,6
DA:335,2
DA:336,0
DA:338,0
DA:340,0
DA:343,2
DA:345,4
DA:350,2
DA:351,2
DA:352,2
DA:353,2
DA:354,2
DA:355,2
DA:358,2
DA:359,2
DA:360,2
DA:361,2
DA:366,2
DA:367,2
DA:368,2
DA:369,2
DA:370,2
DA:375,2
DA:383,2
DA:384,2
DA:385,2
DA:387,6
DA:388,6
DA:390,2
DA:391,0
DA:392,2
DA:393,2
DA:394,2
DA:395,2
DA:398,2
DA:399,2
DA:404,0
DA:407,0
DA:408,0
DA:409,0
DA:411,0
DA:413,0
DA:414,0
DA:417,0
DA:420,0
DA:423,0
DA:426,0
DA:429,0
DA:432,0
DA:435,0
DA:440,0
DA:441,0
DA:445,0
DA:446,0
DA:447,0
DA:450,0
DA:453,0
DA:456,0
DA:459,0
DA:462,0
DA:467,0
DA:468,0
DA:473,2
DA:476,2
DA:478,4
DA:479,2
DA:482,2
DA:485,2
DA:488,2
DA:491,2
DA:494,2
DA:497,2
DA:500,2
DA:504,4
DA:505,2
DA:509,4
DA:510,2
DA:513,2
DA:516,2
DA:519,2
DA:522,2
DA:525,2
DA:531,2
DA:535,2
DA:538,2
DA:539,2
DA:540,2
DA:541,2
DA:542,2
DA:543,2
DA:544,2
DA:548,2
DA:551,2
DA:552,2
DA:553,2
LF:258
LH:126
end_of_record
SF:lib/View/resetpassword.dart
DA:13,2
DA:14,2
DA:31,1
DA:32,2
DA:33,4
DA:41,1
DA:42,2
DA:43,4
DA:47,0
DA:48,0
DA:50,0
DA:51,0
DA:52,0
DA:53,0
DA:57,2
DA:61,2
DA:62,2
DA:64,2
DA:65,0
DA:66,0
DA:68,2
DA:69,2
DA:70,2
DA:71,2
DA:74,4
DA:77,2
DA:78,2
DA:79,4
DA:81,1
DA:82,2
DA:83,0
DA:84,0
DA:86,2
DA:87,2
DA:88,2
DA:89,12
DA:90,2
DA:93,4
DA:96,2
DA:97,2
DA:99,1
DA:100,1
DA:103,0
DA:108,4
DA:109,0
DA:110,0
DA:112,2
DA:113,2
DA:114,2
DA:115,2
DA:116,6
DA:117,2
DA:118,2
DA:119,2
DA:122,4
DA:126,0
DA:127,0
DA:128,0
DA:129,0
DA:131,0
DA:132,0
DA:134,0
DA:135,0
DA:136,0
DA:137,0
DA:138,0
DA:139,0
DA:140,0
DA:141,0
DA:144,0
DA:145,0
DA:147,0
DA:152,0
DA:153,0
DA:157,2
DA:159,2
DA:160,2
DA:161,2
DA:162,6
DA:163,2
DA:164,1
DA:166,3
DA:167,0
DA:171,2
DA:172,2
DA:174,4
DA:179,2
DA:180,2
DA:181,2
DA:184,2
DA:185,2
DA:186,2
DA:187,2
DA:189,2
DA:190,2
DA:192,6
DA:193,6
DA:195,2
DA:197,2
DA:198,2
DA:199,2
DA:200,2
DA:203,2
DA:204,2
DA:207,2
DA:208,2
DA:209,4
DA:210,2
DA:211,4
DA:215,2
DA:218,2
DA:219,2
DA:220,4
DA:221,2
DA:222,4
DA:225,2
DA:228,2
DA:229,2
DA:230,4
DA:231,2
DA:232,4
DA:235,2
DA:239,2
LF:123
LH:90
end_of_record
SF:lib/Model/PostGradType.dart
DA:14,2
DA:18,1
DA:20,1
LF:3
LH:3
end_of_record
SF:lib/Model/UserType.dart
DA:9,2
DA:11,2
DA:15,1
DA:17,1
LF:4
LH:4
end_of_record
SF:lib/counter.dart
DA:4,3
DA:6,3
LF:2
LH:2
end_of_record
